<?xml version="1.0" encoding="utf-8" standalone="no"?>
<test-run id="2" testcasecount="90" result="Skipped" label="Ignored" total="90" passed="88" failed="0" inconclusive="0" skipped="2" asserts="373" engine-version="3.4.1.0" clr-version="4.0.30319.42000" start-time="2016-09-07 09:48:15Z" end-time="2016-09-07 09:48:16Z" duration="1.560377">
  <command-line><![CDATA[/home/wessel/var/doc/ingenico_api/projects/csharp/connect-sdk-dotnet/packages/NUnit.ConsoleRunner.3.4.1/tools/nunit3-console.exe bin/Debug/connect-sdk-dotnet-tests.dll]]></command-line>
  <test-suite type="Assembly" id="0-1201" name="connect-sdk-dotnet-tests.dll" fullname="/home/wessel/var/doc/ingenico_api/projects/csharp/connect-sdk-dotnet/connect-sdk-dotnet-tests/bin/Debug/connect-sdk-dotnet-tests.dll" runstate="Runnable" testcasecount="90" result="Skipped" label="Ignored" start-time="2016-09-07 09:48:15Z" end-time="2016-09-07 09:48:16Z" duration="1.474831" total="90" passed="88" failed="0" inconclusive="0" skipped="2" asserts="373">
    <environment framework-version="3.4.1.0" clr-version="4.0.30319.42000" os-version="Unix 4.7.2.1" platform="Unix" cwd="/home/wessel/var/doc/ingenico_api/projects/csharp/connect-sdk-dotnet/connect-sdk-dotnet-tests" machine-name="Wessel-Arch" user="wessel" user-domain="Wessel-Arch" culture="en-US" uiculture="en-US" os-architecture="x64" />
    <settings>
      <setting name="WorkDirectory" value="/home/wessel/var/doc/ingenico_api/projects/csharp/connect-sdk-dotnet/connect-sdk-dotnet-tests" />
      <setting name="ImageRuntimeVersion" value="4.0.30319" />
      <setting name="ImageRequiresX86" value="False" />
      <setting name="ImageRequiresDefaultAppDomainAssemblyResolver" value="False" />
      <setting name="NumberOfTestWorkers" value="8" />
    </settings>
    <properties>
      <property name="_PID" value="27229" />
      <property name="_APPDOMAIN" value="test-domain-" />
    </properties>
    <reason>
      <message><![CDATA[One or more child tests were ignored]]></message>
    </reason>
    <test-suite type="TestSuite" id="0-1202" name="Ingenico" fullname="Ingenico" runstate="Runnable" testcasecount="90" result="Skipped" label="Ignored" start-time="2016-09-07 09:48:15Z" end-time="2016-09-07 09:48:16Z" duration="1.465416" total="90" passed="88" failed="0" inconclusive="0" skipped="2" asserts="373">
      <reason>
        <message><![CDATA[One or more child tests were ignored]]></message>
      </reason>
      <test-suite type="TestSuite" id="0-1203" name="Connect" fullname="Ingenico.Connect" runstate="Runnable" testcasecount="90" result="Skipped" label="Ignored" start-time="2016-09-07 09:48:15Z" end-time="2016-09-07 09:48:16Z" duration="1.463226" total="90" passed="88" failed="0" inconclusive="0" skipped="2" asserts="373">
        <reason>
          <message><![CDATA[One or more child tests were ignored]]></message>
        </reason>
        <test-suite type="TestSuite" id="0-1204" name="Sdk" fullname="Ingenico.Connect.Sdk" runstate="Runnable" testcasecount="90" result="Skipped" label="Ignored" start-time="2016-09-07 09:48:15Z" end-time="2016-09-07 09:48:16Z" duration="1.461134" total="90" passed="88" failed="0" inconclusive="0" skipped="2" asserts="373">
          <reason>
            <message><![CDATA[One or more child tests were ignored]]></message>
          </reason>
          <test-suite type="TestFixture" id="0-1000" name="AbstractParamRequestTest" fullname="Ingenico.Connect.Sdk.AbstractParamRequestTest" classname="Ingenico.Connect.Sdk.AbstractParamRequestTest" runstate="Runnable" testcasecount="10" result="Passed" start-time="2016-09-07 09:48:15Z" end-time="2016-09-07 09:48:15Z" duration="0.080491" total="10" passed="10" failed="0" inconclusive="0" skipped="0" asserts="10">
            <test-suite type="ParameterizedMethod" id="0-1008" name="TestAddParameterBool" fullname="Ingenico.Connect.Sdk.AbstractParamRequestTest.TestAddParameterBool" classname="Ingenico.Connect.Sdk.AbstractParamRequestTest" runstate="Runnable" testcasecount="1" result="Passed" start-time="2016-09-07 09:48:15Z" end-time="2016-09-07 09:48:15Z" duration="0.016459" total="1" passed="1" failed="0" inconclusive="0" skipped="0" asserts="1">
              <test-case id="0-1007" name="TestAddParameterBool()" fullname="Ingenico.Connect.Sdk.AbstractParamRequestTest.TestAddParameterBool()" methodname="TestAddParameterBool" classname="Ingenico.Connect.Sdk.AbstractParamRequestTest" runstate="Runnable" seed="348758246" result="Passed" start-time="2016-09-07 09:48:15Z" end-time="2016-09-07 09:48:15Z" duration="0.009397" asserts="1" />
            </test-suite>
            <test-suite type="ParameterizedMethod" id="0-1016" name="TestAddParameterBooleanList" fullname="Ingenico.Connect.Sdk.AbstractParamRequestTest.TestAddParameterBooleanList" classname="Ingenico.Connect.Sdk.AbstractParamRequestTest" runstate="Runnable" testcasecount="1" result="Passed" start-time="2016-09-07 09:48:15Z" end-time="2016-09-07 09:48:15Z" duration="0.003346" total="1" passed="1" failed="0" inconclusive="0" skipped="0" asserts="1">
              <test-case id="0-1015" name="TestAddParameterBooleanList()" fullname="Ingenico.Connect.Sdk.AbstractParamRequestTest.TestAddParameterBooleanList()" methodname="TestAddParameterBooleanList" classname="Ingenico.Connect.Sdk.AbstractParamRequestTest" runstate="Runnable" seed="1680549282" result="Passed" start-time="2016-09-07 09:48:15Z" end-time="2016-09-07 09:48:15Z" duration="0.001078" asserts="1" />
            </test-suite>
            <test-suite type="ParameterizedMethod" id="0-1018" name="TestAddParameterDate" fullname="Ingenico.Connect.Sdk.AbstractParamRequestTest.TestAddParameterDate" classname="Ingenico.Connect.Sdk.AbstractParamRequestTest" runstate="Runnable" testcasecount="1" result="Passed" start-time="2016-09-07 09:48:15Z" end-time="2016-09-07 09:48:15Z" duration="0.017150" total="1" passed="1" failed="0" inconclusive="0" skipped="0" asserts="1">
              <test-case id="0-1017" name="TestAddParameterDate()" fullname="Ingenico.Connect.Sdk.AbstractParamRequestTest.TestAddParameterDate()" methodname="TestAddParameterDate" classname="Ingenico.Connect.Sdk.AbstractParamRequestTest" runstate="Runnable" seed="874587422" result="Passed" start-time="2016-09-07 09:48:15Z" end-time="2016-09-07 09:48:15Z" duration="0.014898" asserts="1" />
            </test-suite>
            <test-suite type="ParameterizedMethod" id="0-1004" name="TestAddParameterInteger" fullname="Ingenico.Connect.Sdk.AbstractParamRequestTest.TestAddParameterInteger" classname="Ingenico.Connect.Sdk.AbstractParamRequestTest" runstate="Runnable" testcasecount="1" result="Passed" start-time="2016-09-07 09:48:15Z" end-time="2016-09-07 09:48:15Z" duration="0.002595" total="1" passed="1" failed="0" inconclusive="0" skipped="0" asserts="1">
              <test-case id="0-1003" name="TestAddParameterInteger()" fullname="Ingenico.Connect.Sdk.AbstractParamRequestTest.TestAddParameterInteger()" methodname="TestAddParameterInteger" classname="Ingenico.Connect.Sdk.AbstractParamRequestTest" runstate="Runnable" seed="1406425432" result="Passed" start-time="2016-09-07 09:48:15Z" end-time="2016-09-07 09:48:15Z" duration="0.000308" asserts="1" />
            </test-suite>
            <test-suite type="ParameterizedMethod" id="0-1012" name="TestAddParameterIntegerList" fullname="Ingenico.Connect.Sdk.AbstractParamRequestTest.TestAddParameterIntegerList" classname="Ingenico.Connect.Sdk.AbstractParamRequestTest" runstate="Runnable" testcasecount="1" result="Passed" start-time="2016-09-07 09:48:15Z" end-time="2016-09-07 09:48:15Z" duration="0.003530" total="1" passed="1" failed="0" inconclusive="0" skipped="0" asserts="1">
              <test-case id="0-1011" name="TestAddParameterIntegerList()" fullname="Ingenico.Connect.Sdk.AbstractParamRequestTest.TestAddParameterIntegerList()" methodname="TestAddParameterIntegerList" classname="Ingenico.Connect.Sdk.AbstractParamRequestTest" runstate="Runnable" seed="2145515963" result="Passed" start-time="2016-09-07 09:48:15Z" end-time="2016-09-07 09:48:15Z" duration="0.001221" asserts="1" />
            </test-suite>
            <test-suite type="ParameterizedMethod" id="0-1006" name="TestAddParameterLong" fullname="Ingenico.Connect.Sdk.AbstractParamRequestTest.TestAddParameterLong" classname="Ingenico.Connect.Sdk.AbstractParamRequestTest" runstate="Runnable" testcasecount="1" result="Passed" start-time="2016-09-07 09:48:15Z" end-time="2016-09-07 09:48:15Z" duration="0.002703" total="1" passed="1" failed="0" inconclusive="0" skipped="0" asserts="1">
              <test-case id="0-1005" name="TestAddParameterLong()" fullname="Ingenico.Connect.Sdk.AbstractParamRequestTest.TestAddParameterLong()" methodname="TestAddParameterLong" classname="Ingenico.Connect.Sdk.AbstractParamRequestTest" runstate="Runnable" seed="1362706079" result="Passed" start-time="2016-09-07 09:48:15Z" end-time="2016-09-07 09:48:15Z" duration="0.000484" asserts="1" />
            </test-suite>
            <test-suite type="ParameterizedMethod" id="0-1014" name="TestAddParameterLongList" fullname="Ingenico.Connect.Sdk.AbstractParamRequestTest.TestAddParameterLongList" classname="Ingenico.Connect.Sdk.AbstractParamRequestTest" runstate="Runnable" testcasecount="1" result="Passed" start-time="2016-09-07 09:48:15Z" end-time="2016-09-07 09:48:15Z" duration="0.003214" total="1" passed="1" failed="0" inconclusive="0" skipped="0" asserts="1">
              <test-case id="0-1013" name="TestAddParameterLongList()" fullname="Ingenico.Connect.Sdk.AbstractParamRequestTest.TestAddParameterLongList()" methodname="TestAddParameterLongList" classname="Ingenico.Connect.Sdk.AbstractParamRequestTest" runstate="Runnable" seed="567385092" result="Passed" start-time="2016-09-07 09:48:15Z" end-time="2016-09-07 09:48:15Z" duration="0.000984" asserts="1" />
            </test-suite>
            <test-suite type="ParameterizedMethod" id="0-1002" name="TestAddParameterString" fullname="Ingenico.Connect.Sdk.AbstractParamRequestTest.TestAddParameterString" classname="Ingenico.Connect.Sdk.AbstractParamRequestTest" runstate="Runnable" testcasecount="1" result="Passed" start-time="2016-09-07 09:48:15Z" end-time="2016-09-07 09:48:15Z" duration="0.002532" total="1" passed="1" failed="0" inconclusive="0" skipped="0" asserts="1">
              <test-case id="0-1001" name="TestAddParameterString()" fullname="Ingenico.Connect.Sdk.AbstractParamRequestTest.TestAddParameterString()" methodname="TestAddParameterString" classname="Ingenico.Connect.Sdk.AbstractParamRequestTest" runstate="Runnable" seed="2021636019" result="Passed" start-time="2016-09-07 09:48:15Z" end-time="2016-09-07 09:48:15Z" duration="0.000262" asserts="1" />
            </test-suite>
            <test-suite type="ParameterizedMethod" id="0-1010" name="TestAddParameterStringList" fullname="Ingenico.Connect.Sdk.AbstractParamRequestTest.TestAddParameterStringList" classname="Ingenico.Connect.Sdk.AbstractParamRequestTest" runstate="Runnable" testcasecount="1" result="Passed" start-time="2016-09-07 09:48:15Z" end-time="2016-09-07 09:48:15Z" duration="0.002593" total="1" passed="1" failed="0" inconclusive="0" skipped="0" asserts="1">
              <test-case id="0-1009" name="TestAddParameterStringList()" fullname="Ingenico.Connect.Sdk.AbstractParamRequestTest.TestAddParameterStringList()" methodname="TestAddParameterStringList" classname="Ingenico.Connect.Sdk.AbstractParamRequestTest" runstate="Runnable" seed="1111920577" result="Passed" start-time="2016-09-07 09:48:15Z" end-time="2016-09-07 09:48:15Z" duration="0.000379" asserts="1" />
            </test-suite>
            <test-suite type="ParameterizedMethod" id="0-1020" name="TestAddParameterStringListList" fullname="Ingenico.Connect.Sdk.AbstractParamRequestTest.TestAddParameterStringListList" classname="Ingenico.Connect.Sdk.AbstractParamRequestTest" runstate="Runnable" testcasecount="1" result="Passed" start-time="2016-09-07 09:48:15Z" end-time="2016-09-07 09:48:15Z" duration="0.002952" total="1" passed="1" failed="0" inconclusive="0" skipped="0" asserts="1">
              <test-case id="0-1019" name="TestAddParameterStringListList()" fullname="Ingenico.Connect.Sdk.AbstractParamRequestTest.TestAddParameterStringListList()" methodname="TestAddParameterStringListList" classname="Ingenico.Connect.Sdk.AbstractParamRequestTest" runstate="Runnable" seed="67744246" result="Passed" start-time="2016-09-07 09:48:15Z" end-time="2016-09-07 09:48:15Z" duration="0.000710" asserts="1" />
            </test-suite>
          </test-suite>
          <test-suite type="TestFixture" id="0-1021" name="ClientTest" fullname="Ingenico.Connect.Sdk.ClientTest" classname="Ingenico.Connect.Sdk.ClientTest" runstate="Runnable" testcasecount="5" result="Passed" start-time="2016-09-07 09:48:15Z" end-time="2016-09-07 09:48:15Z" duration="0.189601" total="5" passed="5" failed="0" inconclusive="0" skipped="0" asserts="7">
            <test-suite type="ParameterizedMethod" id="0-1029" name="TestCloseExpiredConnectionsNotPooled" fullname="Ingenico.Connect.Sdk.ClientTest.TestCloseExpiredConnectionsNotPooled" classname="Ingenico.Connect.Sdk.ClientTest" runstate="Runnable" testcasecount="1" result="Passed" start-time="2016-09-07 09:48:15Z" end-time="2016-09-07 09:48:15Z" duration="0.002273" total="1" passed="1" failed="0" inconclusive="0" skipped="0" asserts="0">
              <test-case id="0-1028" name="TestCloseExpiredConnectionsNotPooled()" fullname="Ingenico.Connect.Sdk.ClientTest.TestCloseExpiredConnectionsNotPooled()" methodname="TestCloseExpiredConnectionsNotPooled" classname="Ingenico.Connect.Sdk.ClientTest" runstate="Runnable" seed="657416953" result="Passed" start-time="2016-09-07 09:48:15Z" end-time="2016-09-07 09:48:15Z" duration="0.000138" asserts="0" />
            </test-suite>
            <test-suite type="ParameterizedMethod" id="0-1031" name="TestCloseExpiredConnectionsPooled" fullname="Ingenico.Connect.Sdk.ClientTest.TestCloseExpiredConnectionsPooled" classname="Ingenico.Connect.Sdk.ClientTest" runstate="Runnable" testcasecount="1" result="Passed" start-time="2016-09-07 09:48:15Z" end-time="2016-09-07 09:48:15Z" duration="0.002356" total="1" passed="1" failed="0" inconclusive="0" skipped="0" asserts="0">
              <test-case id="0-1030" name="TestCloseExpiredConnectionsPooled()" fullname="Ingenico.Connect.Sdk.ClientTest.TestCloseExpiredConnectionsPooled()" methodname="TestCloseExpiredConnectionsPooled" classname="Ingenico.Connect.Sdk.ClientTest" runstate="Runnable" seed="490946934" result="Passed" start-time="2016-09-07 09:48:15Z" end-time="2016-09-07 09:48:15Z" duration="0.000084" asserts="0" />
            </test-suite>
            <test-suite type="ParameterizedMethod" id="0-1025" name="TestCloseIdleConnectionsNotPooled" fullname="Ingenico.Connect.Sdk.ClientTest.TestCloseIdleConnectionsNotPooled" classname="Ingenico.Connect.Sdk.ClientTest" runstate="Runnable" testcasecount="1" result="Passed" start-time="2016-09-07 09:48:15Z" end-time="2016-09-07 09:48:15Z" duration="0.002278" total="1" passed="1" failed="0" inconclusive="0" skipped="0" asserts="0">
              <test-case id="0-1024" name="TestCloseIdleConnectionsNotPooled()" fullname="Ingenico.Connect.Sdk.ClientTest.TestCloseIdleConnectionsNotPooled()" methodname="TestCloseIdleConnectionsNotPooled" classname="Ingenico.Connect.Sdk.ClientTest" runstate="Runnable" seed="1834441007" result="Passed" start-time="2016-09-07 09:48:15Z" end-time="2016-09-07 09:48:15Z" duration="0.000096" asserts="0" />
            </test-suite>
            <test-suite type="ParameterizedMethod" id="0-1027" name="TestCloseIdleConnectionsPooled" fullname="Ingenico.Connect.Sdk.ClientTest.TestCloseIdleConnectionsPooled" classname="Ingenico.Connect.Sdk.ClientTest" runstate="Runnable" testcasecount="1" result="Passed" start-time="2016-09-07 09:48:15Z" end-time="2016-09-07 09:48:15Z" duration="0.002266" total="1" passed="1" failed="0" inconclusive="0" skipped="0" asserts="0">
              <test-case id="0-1026" name="TestCloseIdleConnectionsPooled()" fullname="Ingenico.Connect.Sdk.ClientTest.TestCloseIdleConnectionsPooled()" methodname="TestCloseIdleConnectionsPooled" classname="Ingenico.Connect.Sdk.ClientTest" runstate="Runnable" seed="1490290965" result="Passed" start-time="2016-09-07 09:48:15Z" end-time="2016-09-07 09:48:15Z" duration="0.000103" asserts="0" />
            </test-suite>
            <test-suite type="ParameterizedMethod" id="0-1023" name="TestWithClientMetaInfo" fullname="Ingenico.Connect.Sdk.ClientTest.TestWithClientMetaInfo" classname="Ingenico.Connect.Sdk.ClientTest" runstate="Runnable" testcasecount="1" result="Passed" start-time="2016-09-07 09:48:15Z" end-time="2016-09-07 09:48:15Z" duration="0.169768" total="1" passed="1" failed="0" inconclusive="0" skipped="0" asserts="7">
              <test-case id="0-1022" name="TestWithClientMetaInfo()" fullname="Ingenico.Connect.Sdk.ClientTest.TestWithClientMetaInfo()" methodname="TestWithClientMetaInfo" classname="Ingenico.Connect.Sdk.ClientTest" runstate="Runnable" seed="481369558" result="Passed" start-time="2016-09-07 09:48:15Z" end-time="2016-09-07 09:48:15Z" duration="0.167492" asserts="7" />
            </test-suite>
          </test-suite>
          <test-suite type="TestFixture" id="0-1032" name="CommunicatorTest" fullname="Ingenico.Connect.Sdk.CommunicatorTest" classname="Ingenico.Connect.Sdk.CommunicatorTest" runstate="Runnable" testcasecount="2" result="Passed" start-time="2016-09-07 09:48:15Z" end-time="2016-09-07 09:48:15Z" duration="0.150229" total="2" passed="2" failed="0" inconclusive="0" skipped="0" asserts="4">
            <test-suite type="ParameterizedMethod" id="0-1034" name="TestToURIWithoutRequestParams" fullname="Ingenico.Connect.Sdk.CommunicatorTest.TestToURIWithoutRequestParams" classname="Ingenico.Connect.Sdk.CommunicatorTest" runstate="Runnable" testcasecount="1" result="Passed" start-time="2016-09-07 09:48:15Z" end-time="2016-09-07 09:48:15Z" duration="0.119302" total="1" passed="1" failed="0" inconclusive="0" skipped="0" asserts="2">
              <test-case id="0-1033" name="TestToURIWithoutRequestParams()" fullname="Ingenico.Connect.Sdk.CommunicatorTest.TestToURIWithoutRequestParams()" methodname="TestToURIWithoutRequestParams" classname="Ingenico.Connect.Sdk.CommunicatorTest" runstate="Runnable" seed="984640586" result="Passed" start-time="2016-09-07 09:48:15Z" end-time="2016-09-07 09:48:15Z" duration="0.117101" asserts="2" />
            </test-suite>
            <test-suite type="ParameterizedMethod" id="0-1036" name="TestToURIWithRequestParams" fullname="Ingenico.Connect.Sdk.CommunicatorTest.TestToURIWithRequestParams" classname="Ingenico.Connect.Sdk.CommunicatorTest" runstate="Runnable" testcasecount="1" result="Passed" start-time="2016-09-07 09:48:15Z" end-time="2016-09-07 09:48:15Z" duration="0.005549" total="1" passed="1" failed="0" inconclusive="0" skipped="0" asserts="2">
              <test-case id="0-1035" name="TestToURIWithRequestParams()" fullname="Ingenico.Connect.Sdk.CommunicatorTest.TestToURIWithRequestParams()" methodname="TestToURIWithRequestParams" classname="Ingenico.Connect.Sdk.CommunicatorTest" runstate="Runnable" seed="616122093" result="Passed" start-time="2016-09-07 09:48:15Z" end-time="2016-09-07 09:48:15Z" duration="0.003379" asserts="2" />
            </test-suite>
          </test-suite>
          <test-suite type="TestFixture" id="0-1037" name="CommunitatorConfigurationTest" fullname="Ingenico.Connect.Sdk.CommunitatorConfigurationTest" classname="Ingenico.Connect.Sdk.CommunitatorConfigurationTest" runstate="Runnable" testcasecount="8" result="Passed" start-time="2016-09-07 09:48:15Z" end-time="2016-09-07 09:48:15Z" duration="0.042210" total="8" passed="8" failed="0" inconclusive="0" skipped="0" asserts="44">
            <test-suite type="ParameterizedMethod" id="0-1049" name="TestConstructFromPropertiesWithHostAndPort" fullname="Ingenico.Connect.Sdk.CommunitatorConfigurationTest.TestConstructFromPropertiesWithHostAndPort" classname="Ingenico.Connect.Sdk.CommunitatorConfigurationTest" runstate="Runnable" testcasecount="1" result="Passed" start-time="2016-09-07 09:48:15Z" end-time="2016-09-07 09:48:15Z" duration="0.002537" total="1" passed="1" failed="0" inconclusive="0" skipped="0" asserts="1">
              <test-case id="0-1048" name="TestConstructFromPropertiesWithHostAndPort()" fullname="Ingenico.Connect.Sdk.CommunitatorConfigurationTest.TestConstructFromPropertiesWithHostAndPort()" methodname="TestConstructFromPropertiesWithHostAndPort" classname="Ingenico.Connect.Sdk.CommunitatorConfigurationTest" runstate="Runnable" seed="570047743" result="Passed" start-time="2016-09-07 09:48:15Z" end-time="2016-09-07 09:48:15Z" duration="0.000355" asserts="1" />
            </test-suite>
            <test-suite type="ParameterizedMethod" id="0-1047" name="TestConstructFromPropertiesWithHostAndScheme" fullname="Ingenico.Connect.Sdk.CommunitatorConfigurationTest.TestConstructFromPropertiesWithHostAndScheme" classname="Ingenico.Connect.Sdk.CommunitatorConfigurationTest" runstate="Runnable" testcasecount="1" result="Passed" start-time="2016-09-07 09:48:15Z" end-time="2016-09-07 09:48:15Z" duration="0.002493" total="1" passed="1" failed="0" inconclusive="0" skipped="0" asserts="1">
              <test-case id="0-1046" name="TestConstructFromPropertiesWithHostAndScheme()" fullname="Ingenico.Connect.Sdk.CommunitatorConfigurationTest.TestConstructFromPropertiesWithHostAndScheme()" methodname="TestConstructFromPropertiesWithHostAndScheme" classname="Ingenico.Connect.Sdk.CommunitatorConfigurationTest" runstate="Runnable" seed="992751075" result="Passed" start-time="2016-09-07 09:48:15Z" end-time="2016-09-07 09:48:15Z" duration="0.000305" asserts="1" />
            </test-suite>
            <test-suite type="ParameterizedMethod" id="0-1051" name="TestConstructFromPropertiesWithHostSchemeAndPort" fullname="Ingenico.Connect.Sdk.CommunitatorConfigurationTest.TestConstructFromPropertiesWithHostSchemeAndPort" classname="Ingenico.Connect.Sdk.CommunitatorConfigurationTest" runstate="Runnable" testcasecount="1" result="Passed" start-time="2016-09-07 09:48:15Z" end-time="2016-09-07 09:48:15Z" duration="0.002478" total="1" passed="1" failed="0" inconclusive="0" skipped="0" asserts="1">
              <test-case id="0-1050" name="TestConstructFromPropertiesWithHostSchemeAndPort()" fullname="Ingenico.Connect.Sdk.CommunitatorConfigurationTest.TestConstructFromPropertiesWithHostSchemeAndPort()" methodname="TestConstructFromPropertiesWithHostSchemeAndPort" classname="Ingenico.Connect.Sdk.CommunitatorConfigurationTest" runstate="Runnable" seed="1302710154" result="Passed" start-time="2016-09-07 09:48:15Z" end-time="2016-09-07 09:48:15Z" duration="0.000316" asserts="1" />
            </test-suite>
            <test-suite type="ParameterizedMethod" id="0-1053" name="TestConstructFromPropertiesWithIPv6Host" fullname="Ingenico.Connect.Sdk.CommunitatorConfigurationTest.TestConstructFromPropertiesWithIPv6Host" classname="Ingenico.Connect.Sdk.CommunitatorConfigurationTest" runstate="Runnable" testcasecount="1" result="Passed" start-time="2016-09-07 09:48:15Z" end-time="2016-09-07 09:48:15Z" duration="0.003428" total="1" passed="1" failed="0" inconclusive="0" skipped="0" asserts="1">
              <test-case id="0-1052" name="TestConstructFromPropertiesWithIPv6Host()" fullname="Ingenico.Connect.Sdk.CommunitatorConfigurationTest.TestConstructFromPropertiesWithIPv6Host()" methodname="TestConstructFromPropertiesWithIPv6Host" classname="Ingenico.Connect.Sdk.CommunitatorConfigurationTest" runstate="Runnable" seed="582313037" result="Passed" start-time="2016-09-07 09:48:15Z" end-time="2016-09-07 09:48:15Z" duration="0.001255" asserts="1" />
            </test-suite>
            <test-suite type="ParameterizedMethod" id="0-1045" name="TestConstructFromPropertiesWithMaxConnections" fullname="Ingenico.Connect.Sdk.CommunitatorConfigurationTest.TestConstructFromPropertiesWithMaxConnections" classname="Ingenico.Connect.Sdk.CommunitatorConfigurationTest" runstate="Runnable" testcasecount="1" result="Passed" start-time="2016-09-07 09:48:15Z" end-time="2016-09-07 09:48:15Z" duration="0.005286" total="1" passed="1" failed="0" inconclusive="0" skipped="0" asserts="7">
              <test-case id="0-1044" name="TestConstructFromPropertiesWithMaxConnections()" fullname="Ingenico.Connect.Sdk.CommunitatorConfigurationTest.TestConstructFromPropertiesWithMaxConnections()" methodname="TestConstructFromPropertiesWithMaxConnections" classname="Ingenico.Connect.Sdk.CommunitatorConfigurationTest" runstate="Runnable" seed="1895571493" result="Passed" start-time="2016-09-07 09:48:15Z" end-time="2016-09-07 09:48:15Z" duration="0.003123" asserts="7" />
            </test-suite>
            <test-suite type="ParameterizedMethod" id="0-1039" name="TestConstructFromPropertiesWithoutProxy" fullname="Ingenico.Connect.Sdk.CommunitatorConfigurationTest.TestConstructFromPropertiesWithoutProxy" classname="Ingenico.Connect.Sdk.CommunitatorConfigurationTest" runstate="Runnable" testcasecount="1" result="Passed" start-time="2016-09-07 09:48:15Z" end-time="2016-09-07 09:48:15Z" duration="0.002420" total="1" passed="1" failed="0" inconclusive="0" skipped="0" asserts="7">
              <test-case id="0-1038" name="TestConstructFromPropertiesWithoutProxy()" fullname="Ingenico.Connect.Sdk.CommunitatorConfigurationTest.TestConstructFromPropertiesWithoutProxy()" methodname="TestConstructFromPropertiesWithoutProxy" classname="Ingenico.Connect.Sdk.CommunitatorConfigurationTest" runstate="Runnable" seed="556074134" result="Passed" start-time="2016-09-07 09:48:15Z" end-time="2016-09-07 09:48:15Z" duration="0.000262" asserts="7" />
            </test-suite>
            <test-suite type="ParameterizedMethod" id="0-1043" name="TestConstructFromPropertiesWithProxyWithAuthentication" fullname="Ingenico.Connect.Sdk.CommunitatorConfigurationTest.TestConstructFromPropertiesWithProxyWithAuthentication" classname="Ingenico.Connect.Sdk.CommunitatorConfigurationTest" runstate="Runnable" testcasecount="1" result="Passed" start-time="2016-09-07 09:48:15Z" end-time="2016-09-07 09:48:15Z" duration="0.003144" total="1" passed="1" failed="0" inconclusive="0" skipped="0" asserts="13">
              <test-case id="0-1042" name="TestConstructFromPropertiesWithProxyWithAuthentication()" fullname="Ingenico.Connect.Sdk.CommunitatorConfigurationTest.TestConstructFromPropertiesWithProxyWithAuthentication()" methodname="TestConstructFromPropertiesWithProxyWithAuthentication" classname="Ingenico.Connect.Sdk.CommunitatorConfigurationTest" runstate="Runnable" seed="1109255230" result="Passed" start-time="2016-09-07 09:48:15Z" end-time="2016-09-07 09:48:15Z" duration="0.000962" asserts="13" />
            </test-suite>
            <test-suite type="ParameterizedMethod" id="0-1041" name="TestConstructFromPropertiesWithProxyWithoutAuthentication" fullname="Ingenico.Connect.Sdk.CommunitatorConfigurationTest.TestConstructFromPropertiesWithProxyWithoutAuthentication" classname="Ingenico.Connect.Sdk.CommunitatorConfigurationTest" runstate="Runnable" testcasecount="1" result="Passed" start-time="2016-09-07 09:48:15Z" end-time="2016-09-07 09:48:15Z" duration="0.003321" total="1" passed="1" failed="0" inconclusive="0" skipped="0" asserts="13">
              <test-case id="0-1040" name="TestConstructFromPropertiesWithProxyWithoutAuthentication()" fullname="Ingenico.Connect.Sdk.CommunitatorConfigurationTest.TestConstructFromPropertiesWithProxyWithoutAuthentication()" methodname="TestConstructFromPropertiesWithProxyWithoutAuthentication" classname="Ingenico.Connect.Sdk.CommunitatorConfigurationTest" runstate="Runnable" seed="542521330" result="Passed" start-time="2016-09-07 09:48:15Z" end-time="2016-09-07 09:48:15Z" duration="0.001154" asserts="13" />
            </test-suite>
          </test-suite>
          <test-suite type="TestSuite" id="0-1205" name="DefaultImpl" fullname="Ingenico.Connect.Sdk.DefaultImpl" runstate="Runnable" testcasecount="33" result="Skipped" label="Ignored" start-time="2016-09-07 09:48:15Z" end-time="2016-09-07 09:48:16Z" duration="1.083378" total="33" passed="31" failed="0" inconclusive="0" skipped="2" asserts="159">
            <reason>
              <message><![CDATA[One or more child tests were ignored]]></message>
            </reason>
            <test-suite type="TestFixture" id="0-1054" name="DefaultAuthenticatorTest" fullname="Ingenico.Connect.Sdk.DefaultImpl.DefaultAuthenticatorTest" classname="Ingenico.Connect.Sdk.DefaultImpl.DefaultAuthenticatorTest" runstate="Runnable" testcasecount="7" result="Passed" start-time="2016-09-07 09:48:15Z" end-time="2016-09-07 09:48:15Z" duration="0.043595" total="7" passed="7" failed="0" inconclusive="0" skipped="0" asserts="9">
              <test-suite type="ParameterizedMethod" id="0-1062" name="TestCreateAuthenticationSignature" fullname="Ingenico.Connect.Sdk.DefaultImpl.DefaultAuthenticatorTest.TestCreateAuthenticationSignature" classname="Ingenico.Connect.Sdk.DefaultImpl.DefaultAuthenticatorTest" runstate="Runnable" testcasecount="1" result="Passed" start-time="2016-09-07 09:48:15Z" end-time="2016-09-07 09:48:15Z" duration="0.004837" total="1" passed="1" failed="0" inconclusive="0" skipped="0" asserts="1">
                <test-case id="0-1061" name="TestCreateAuthenticationSignature()" fullname="Ingenico.Connect.Sdk.DefaultImpl.DefaultAuthenticatorTest.TestCreateAuthenticationSignature()" methodname="TestCreateAuthenticationSignature" classname="Ingenico.Connect.Sdk.DefaultImpl.DefaultAuthenticatorTest" runstate="Runnable" seed="2139026635" result="Passed" start-time="2016-09-07 09:48:15Z" end-time="2016-09-07 09:48:15Z" duration="0.002654" asserts="1" />
              </test-suite>
              <test-suite type="ParameterizedMethod" id="0-1064" name="TestCreateAuthenticationSignature2" fullname="Ingenico.Connect.Sdk.DefaultImpl.DefaultAuthenticatorTest.TestCreateAuthenticationSignature2" classname="Ingenico.Connect.Sdk.DefaultImpl.DefaultAuthenticatorTest" runstate="Runnable" testcasecount="1" result="Passed" start-time="2016-09-07 09:48:15Z" end-time="2016-09-07 09:48:15Z" duration="0.002385" total="1" passed="1" failed="0" inconclusive="0" skipped="0" asserts="1">
                <test-case id="0-1063" name="TestCreateAuthenticationSignature2()" fullname="Ingenico.Connect.Sdk.DefaultImpl.DefaultAuthenticatorTest.TestCreateAuthenticationSignature2()" methodname="TestCreateAuthenticationSignature2" classname="Ingenico.Connect.Sdk.DefaultImpl.DefaultAuthenticatorTest" runstate="Runnable" seed="1639036521" result="Passed" start-time="2016-09-07 09:48:15Z" end-time="2016-09-07 09:48:15Z" duration="0.000172" asserts="1" />
              </test-suite>
              <test-suite type="ParameterizedMethod" id="0-1056" name="TestToCanonicalizeHeaderValue" fullname="Ingenico.Connect.Sdk.DefaultImpl.DefaultAuthenticatorTest.TestToCanonicalizeHeaderValue" classname="Ingenico.Connect.Sdk.DefaultImpl.DefaultAuthenticatorTest" runstate="Runnable" testcasecount="1" result="Passed" start-time="2016-09-07 09:48:15Z" end-time="2016-09-07 09:48:15Z" duration="0.005953" total="1" passed="1" failed="0" inconclusive="0" skipped="0" asserts="2">
                <test-case id="0-1055" name="TestToCanonicalizeHeaderValue()" fullname="Ingenico.Connect.Sdk.DefaultImpl.DefaultAuthenticatorTest.TestToCanonicalizeHeaderValue()" methodname="TestToCanonicalizeHeaderValue" classname="Ingenico.Connect.Sdk.DefaultImpl.DefaultAuthenticatorTest" runstate="Runnable" seed="2035420436" result="Passed" start-time="2016-09-07 09:48:15Z" end-time="2016-09-07 09:48:15Z" duration="0.003717" asserts="2" />
              </test-suite>
              <test-suite type="ParameterizedMethod" id="0-1058" name="TestToCanonicalizeHeaderValue2" fullname="Ingenico.Connect.Sdk.DefaultImpl.DefaultAuthenticatorTest.TestToCanonicalizeHeaderValue2" classname="Ingenico.Connect.Sdk.DefaultImpl.DefaultAuthenticatorTest" runstate="Runnable" testcasecount="1" result="Passed" start-time="2016-09-07 09:48:15Z" end-time="2016-09-07 09:48:15Z" duration="0.002421" total="1" passed="1" failed="0" inconclusive="0" skipped="0" asserts="1">
                <test-case id="0-1057" name="TestToCanonicalizeHeaderValue2()" fullname="Ingenico.Connect.Sdk.DefaultImpl.DefaultAuthenticatorTest.TestToCanonicalizeHeaderValue2()" methodname="TestToCanonicalizeHeaderValue2" classname="Ingenico.Connect.Sdk.DefaultImpl.DefaultAuthenticatorTest" runstate="Runnable" seed="306262788" result="Passed" start-time="2016-09-07 09:48:15Z" end-time="2016-09-07 09:48:15Z" duration="0.000180" asserts="1" />
              </test-suite>
              <test-suite type="ParameterizedMethod" id="0-1060" name="TestToDataToSign" fullname="Ingenico.Connect.Sdk.DefaultImpl.DefaultAuthenticatorTest.TestToDataToSign" classname="Ingenico.Connect.Sdk.DefaultImpl.DefaultAuthenticatorTest" runstate="Runnable" testcasecount="1" result="Passed" start-time="2016-09-07 09:48:15Z" end-time="2016-09-07 09:48:15Z" duration="0.006922" total="1" passed="1" failed="0" inconclusive="0" skipped="0" asserts="2">
                <test-case id="0-1059" name="TestToDataToSign()" fullname="Ingenico.Connect.Sdk.DefaultImpl.DefaultAuthenticatorTest.TestToDataToSign()" methodname="TestToDataToSign" classname="Ingenico.Connect.Sdk.DefaultImpl.DefaultAuthenticatorTest" runstate="Runnable" seed="1092105864" result="Passed" start-time="2016-09-07 09:48:15Z" end-time="2016-09-07 09:48:15Z" duration="0.004742" asserts="2" />
              </test-suite>
              <test-suite type="ParameterizedMethod" id="0-1068" name="TestTotalFullExample" fullname="Ingenico.Connect.Sdk.DefaultImpl.DefaultAuthenticatorTest.TestTotalFullExample" classname="Ingenico.Connect.Sdk.DefaultImpl.DefaultAuthenticatorTest" runstate="Runnable" testcasecount="1" result="Passed" start-time="2016-09-07 09:48:15Z" end-time="2016-09-07 09:48:15Z" duration="0.003142" total="1" passed="1" failed="0" inconclusive="0" skipped="0" asserts="1">
                <test-case id="0-1067" name="TestTotalFullExample()" fullname="Ingenico.Connect.Sdk.DefaultImpl.DefaultAuthenticatorTest.TestTotalFullExample()" methodname="TestTotalFullExample" classname="Ingenico.Connect.Sdk.DefaultImpl.DefaultAuthenticatorTest" runstate="Runnable" seed="1833253181" result="Passed" start-time="2016-09-07 09:48:15Z" end-time="2016-09-07 09:48:15Z" duration="0.000899" asserts="1" />
              </test-suite>
              <test-suite type="ParameterizedMethod" id="0-1066" name="TestTotalMinimalExample" fullname="Ingenico.Connect.Sdk.DefaultImpl.DefaultAuthenticatorTest.TestTotalMinimalExample" classname="Ingenico.Connect.Sdk.DefaultImpl.DefaultAuthenticatorTest" runstate="Runnable" testcasecount="1" result="Passed" start-time="2016-09-07 09:48:15Z" end-time="2016-09-07 09:48:15Z" duration="0.002915" total="1" passed="1" failed="0" inconclusive="0" skipped="0" asserts="1">
                <test-case id="0-1065" name="TestTotalMinimalExample()" fullname="Ingenico.Connect.Sdk.DefaultImpl.DefaultAuthenticatorTest.TestTotalMinimalExample()" methodname="TestTotalMinimalExample" classname="Ingenico.Connect.Sdk.DefaultImpl.DefaultAuthenticatorTest" runstate="Runnable" seed="138339384" result="Passed" start-time="2016-09-07 09:48:15Z" end-time="2016-09-07 09:48:15Z" duration="0.000375" asserts="1" />
              </test-suite>
            </test-suite>
            <test-suite type="TestFixture" id="0-1069" name="DefaultConnectionIdempotenceTest" fullname="Ingenico.Connect.Sdk.DefaultImpl.DefaultConnectionIdempotenceTest" classname="Ingenico.Connect.Sdk.DefaultImpl.DefaultConnectionIdempotenceTest" runstate="Runnable" testcasecount="5" result="Passed" start-time="2016-09-07 09:48:15Z" end-time="2016-09-07 09:48:16Z" duration="0.240531" total="5" passed="5" failed="0" inconclusive="0" skipped="0" asserts="27">
              <test-suite type="ParameterizedMethod" id="0-1079" name="TestIdempotenceDuplicateRequest" fullname="Ingenico.Connect.Sdk.DefaultImpl.DefaultConnectionIdempotenceTest.TestIdempotenceDuplicateRequest" classname="Ingenico.Connect.Sdk.DefaultImpl.DefaultConnectionIdempotenceTest" runstate="Runnable" testcasecount="1" result="Passed" start-time="2016-09-07 09:48:15Z" end-time="2016-09-07 09:48:16Z" duration="0.190488" total="1" passed="1" failed="0" inconclusive="0" skipped="0" asserts="5">
                <test-case id="0-1078" name="TestIdempotenceDuplicateRequest()" fullname="Ingenico.Connect.Sdk.DefaultImpl.DefaultConnectionIdempotenceTest.TestIdempotenceDuplicateRequest()" methodname="TestIdempotenceDuplicateRequest" classname="Ingenico.Connect.Sdk.DefaultImpl.DefaultConnectionIdempotenceTest" runstate="Runnable" seed="934263778" result="Passed" start-time="2016-09-07 09:48:15Z" end-time="2016-09-07 09:48:16Z" duration="0.188324" asserts="5" />
              </test-suite>
              <test-suite type="ParameterizedMethod" id="0-1075" name="TestIdempotenceFirstFailure" fullname="Ingenico.Connect.Sdk.DefaultImpl.DefaultConnectionIdempotenceTest.TestIdempotenceFirstFailure" classname="Ingenico.Connect.Sdk.DefaultImpl.DefaultConnectionIdempotenceTest" runstate="Runnable" testcasecount="1" result="Passed" start-time="2016-09-07 09:48:16Z" end-time="2016-09-07 09:48:16Z" duration="0.018703" total="1" passed="1" failed="0" inconclusive="0" skipped="0" asserts="5">
                <test-case id="0-1074" name="TestIdempotenceFirstFailure()" fullname="Ingenico.Connect.Sdk.DefaultImpl.DefaultConnectionIdempotenceTest.TestIdempotenceFirstFailure()" methodname="TestIdempotenceFirstFailure" classname="Ingenico.Connect.Sdk.DefaultImpl.DefaultConnectionIdempotenceTest" runstate="Runnable" seed="1084818462" result="Passed" start-time="2016-09-07 09:48:16Z" end-time="2016-09-07 09:48:16Z" duration="0.016392" asserts="5" />
              </test-suite>
              <test-suite type="ParameterizedMethod" id="0-1071" name="TestIdempotenceFirstRequest" fullname="Ingenico.Connect.Sdk.DefaultImpl.DefaultConnectionIdempotenceTest.TestIdempotenceFirstRequest" classname="Ingenico.Connect.Sdk.DefaultImpl.DefaultConnectionIdempotenceTest" runstate="Runnable" testcasecount="1" result="Passed" start-time="2016-09-07 09:48:16Z" end-time="2016-09-07 09:48:16Z" duration="0.009310" total="1" passed="1" failed="0" inconclusive="0" skipped="0" asserts="6">
                <test-case id="0-1070" name="TestIdempotenceFirstRequest()" fullname="Ingenico.Connect.Sdk.DefaultImpl.DefaultConnectionIdempotenceTest.TestIdempotenceFirstRequest()" methodname="TestIdempotenceFirstRequest" classname="Ingenico.Connect.Sdk.DefaultImpl.DefaultConnectionIdempotenceTest" runstate="Runnable" seed="738900930" result="Passed" start-time="2016-09-07 09:48:16Z" end-time="2016-09-07 09:48:16Z" duration="0.006118" asserts="6" />
              </test-suite>
              <test-suite type="ParameterizedMethod" id="0-1077" name="TestIdempotenceSecondFailure" fullname="Ingenico.Connect.Sdk.DefaultImpl.DefaultConnectionIdempotenceTest.TestIdempotenceSecondFailure" classname="Ingenico.Connect.Sdk.DefaultImpl.DefaultConnectionIdempotenceTest" runstate="Runnable" testcasecount="1" result="Passed" start-time="2016-09-07 09:48:16Z" end-time="2016-09-07 09:48:16Z" duration="0.005760" total="1" passed="1" failed="0" inconclusive="0" skipped="0" asserts="5">
                <test-case id="0-1076" name="TestIdempotenceSecondFailure()" fullname="Ingenico.Connect.Sdk.DefaultImpl.DefaultConnectionIdempotenceTest.TestIdempotenceSecondFailure()" methodname="TestIdempotenceSecondFailure" classname="Ingenico.Connect.Sdk.DefaultImpl.DefaultConnectionIdempotenceTest" runstate="Runnable" seed="401394725" result="Passed" start-time="2016-09-07 09:48:16Z" end-time="2016-09-07 09:48:16Z" duration="0.003562" asserts="5" />
              </test-suite>
              <test-suite type="ParameterizedMethod" id="0-1073" name="TestIdempotenceSecondRequest" fullname="Ingenico.Connect.Sdk.DefaultImpl.DefaultConnectionIdempotenceTest.TestIdempotenceSecondRequest" classname="Ingenico.Connect.Sdk.DefaultImpl.DefaultConnectionIdempotenceTest" runstate="Runnable" testcasecount="1" result="Passed" start-time="2016-09-07 09:48:16Z" end-time="2016-09-07 09:48:16Z" duration="0.005386" total="1" passed="1" failed="0" inconclusive="0" skipped="0" asserts="6">
                <test-case id="0-1072" name="TestIdempotenceSecondRequest()" fullname="Ingenico.Connect.Sdk.DefaultImpl.DefaultConnectionIdempotenceTest.TestIdempotenceSecondRequest()" methodname="TestIdempotenceSecondRequest" classname="Ingenico.Connect.Sdk.DefaultImpl.DefaultConnectionIdempotenceTest" runstate="Runnable" seed="1878108834" result="Passed" start-time="2016-09-07 09:48:16Z" end-time="2016-09-07 09:48:16Z" duration="0.003208" asserts="6" />
              </test-suite>
            </test-suite>
            <test-suite type="TestFixture" id="0-1080" name="DefaultConnectionLoggerTest" fullname="Ingenico.Connect.Sdk.DefaultImpl.DefaultConnectionLoggerTest" classname="Ingenico.Connect.Sdk.DefaultImpl.DefaultConnectionLoggerTest" runstate="Runnable" testcasecount="12" result="Passed" start-time="2016-09-07 09:48:16Z" end-time="2016-09-07 09:48:16Z" duration="0.247437" total="12" passed="12" failed="0" inconclusive="0" skipped="0" asserts="101">
              <test-suite type="ParameterizedMethod" id="0-1090" name="TestCreatePaymentInvalidCardNumber" fullname="Ingenico.Connect.Sdk.DefaultImpl.DefaultConnectionLoggerTest.TestCreatePaymentInvalidCardNumber" classname="Ingenico.Connect.Sdk.DefaultImpl.DefaultConnectionLoggerTest" runstate="Runnable" testcasecount="1" result="Passed" start-time="2016-09-07 09:48:16Z" end-time="2016-09-07 09:48:16Z" duration="0.020583" total="1" passed="1" failed="0" inconclusive="0" skipped="0" asserts="9">
                <test-case id="0-1089" name="TestCreatePaymentInvalidCardNumber()" fullname="Ingenico.Connect.Sdk.DefaultImpl.DefaultConnectionLoggerTest.TestCreatePaymentInvalidCardNumber()" methodname="TestCreatePaymentInvalidCardNumber" classname="Ingenico.Connect.Sdk.DefaultImpl.DefaultConnectionLoggerTest" runstate="Runnable" seed="1189050127" result="Passed" start-time="2016-09-07 09:48:16Z" end-time="2016-09-07 09:48:16Z" duration="0.018355" asserts="9" />
              </test-suite>
              <test-suite type="ParameterizedMethod" id="0-1092" name="TestCreatePaymentRejected" fullname="Ingenico.Connect.Sdk.DefaultImpl.DefaultConnectionLoggerTest.TestCreatePaymentRejected" classname="Ingenico.Connect.Sdk.DefaultImpl.DefaultConnectionLoggerTest" runstate="Runnable" testcasecount="1" result="Passed" start-time="2016-09-07 09:48:16Z" end-time="2016-09-07 09:48:16Z" duration="0.009893" total="1" passed="1" failed="0" inconclusive="0" skipped="0" asserts="9">
                <test-case id="0-1091" name="TestCreatePaymentRejected()" fullname="Ingenico.Connect.Sdk.DefaultImpl.DefaultConnectionLoggerTest.TestCreatePaymentRejected()" methodname="TestCreatePaymentRejected" classname="Ingenico.Connect.Sdk.DefaultImpl.DefaultConnectionLoggerTest" runstate="Runnable" seed="1607093009" result="Passed" start-time="2016-09-07 09:48:16Z" end-time="2016-09-07 09:48:16Z" duration="0.007599" asserts="9" />
              </test-suite>
              <test-suite type="ParameterizedMethod" id="0-1086" name="TestDeleteToken" fullname="Ingenico.Connect.Sdk.DefaultImpl.DefaultConnectionLoggerTest.TestDeleteToken" classname="Ingenico.Connect.Sdk.DefaultImpl.DefaultConnectionLoggerTest" runstate="Runnable" testcasecount="1" result="Passed" start-time="2016-09-07 09:48:16Z" end-time="2016-09-07 09:48:16Z" duration="0.007822" total="1" passed="1" failed="0" inconclusive="0" skipped="0" asserts="8">
                <test-case id="0-1085" name="TestDeleteToken()" fullname="Ingenico.Connect.Sdk.DefaultImpl.DefaultConnectionLoggerTest.TestDeleteToken()" methodname="TestDeleteToken" classname="Ingenico.Connect.Sdk.DefaultImpl.DefaultConnectionLoggerTest" runstate="Runnable" seed="1050407487" result="Passed" start-time="2016-09-07 09:48:16Z" end-time="2016-09-07 09:48:16Z" duration="0.005538" asserts="8" />
              </test-suite>
              <test-suite type="ParameterizedMethod" id="0-1104" name="TestLogErrorOnly" fullname="Ingenico.Connect.Sdk.DefaultImpl.DefaultConnectionLoggerTest.TestLogErrorOnly" classname="Ingenico.Connect.Sdk.DefaultImpl.DefaultConnectionLoggerTest" runstate="Runnable" testcasecount="1" result="Passed" start-time="2016-09-07 09:48:16Z" end-time="2016-09-07 09:48:16Z" duration="0.116265" total="1" passed="1" failed="0" inconclusive="0" skipped="0" asserts="5">
                <test-case id="0-1103" name="TestLogErrorOnly()" fullname="Ingenico.Connect.Sdk.DefaultImpl.DefaultConnectionLoggerTest.TestLogErrorOnly()" methodname="TestLogErrorOnly" classname="Ingenico.Connect.Sdk.DefaultImpl.DefaultConnectionLoggerTest" runstate="Runnable" seed="1381837431" result="Passed" start-time="2016-09-07 09:48:16Z" end-time="2016-09-07 09:48:16Z" duration="0.113999" asserts="5" />
              </test-suite>
              <test-suite type="ParameterizedMethod" id="0-1084" name="TestLoggingConvertAmount" fullname="Ingenico.Connect.Sdk.DefaultImpl.DefaultConnectionLoggerTest.TestLoggingConvertAmount" classname="Ingenico.Connect.Sdk.DefaultImpl.DefaultConnectionLoggerTest" runstate="Runnable" testcasecount="1" result="Passed" start-time="2016-09-07 09:48:16Z" end-time="2016-09-07 09:48:16Z" duration="0.009612" total="1" passed="1" failed="0" inconclusive="0" skipped="0" asserts="10">
                <test-case id="0-1083" name="TestLoggingConvertAmount()" fullname="Ingenico.Connect.Sdk.DefaultImpl.DefaultConnectionLoggerTest.TestLoggingConvertAmount()" methodname="TestLoggingConvertAmount" classname="Ingenico.Connect.Sdk.DefaultImpl.DefaultConnectionLoggerTest" runstate="Runnable" seed="512557512" result="Passed" start-time="2016-09-07 09:48:16Z" end-time="2016-09-07 09:48:16Z" duration="0.007336" asserts="10" />
              </test-suite>
              <test-suite type="ParameterizedMethod" id="0-1088" name="TestLoggingCreatePayment" fullname="Ingenico.Connect.Sdk.DefaultImpl.DefaultConnectionLoggerTest.TestLoggingCreatePayment" classname="Ingenico.Connect.Sdk.DefaultImpl.DefaultConnectionLoggerTest" runstate="Runnable" testcasecount="1" result="Passed" start-time="2016-09-07 09:48:16Z" end-time="2016-09-07 09:48:16Z" duration="0.009384" total="1" passed="1" failed="0" inconclusive="0" skipped="0" asserts="11">
                <test-case id="0-1087" name="TestLoggingCreatePayment()" fullname="Ingenico.Connect.Sdk.DefaultImpl.DefaultConnectionLoggerTest.TestLoggingCreatePayment()" methodname="TestLoggingCreatePayment" classname="Ingenico.Connect.Sdk.DefaultImpl.DefaultConnectionLoggerTest" runstate="Runnable" seed="1492059756" result="Passed" start-time="2016-09-07 09:48:16Z" end-time="2016-09-07 09:48:16Z" duration="0.006923" asserts="11" />
              </test-suite>
              <test-suite type="ParameterizedMethod" id="0-1082" name="TestLoggingTestConnection" fullname="Ingenico.Connect.Sdk.DefaultImpl.DefaultConnectionLoggerTest.TestLoggingTestConnection" classname="Ingenico.Connect.Sdk.DefaultImpl.DefaultConnectionLoggerTest" runstate="Runnable" testcasecount="1" result="Passed" start-time="2016-09-07 09:48:16Z" end-time="2016-09-07 09:48:16Z" duration="0.008005" total="1" passed="1" failed="0" inconclusive="0" skipped="0" asserts="10">
                <test-case id="0-1081" name="TestLoggingTestConnection()" fullname="Ingenico.Connect.Sdk.DefaultImpl.DefaultConnectionLoggerTest.TestLoggingTestConnection()" methodname="TestLoggingTestConnection" classname="Ingenico.Connect.Sdk.DefaultImpl.DefaultConnectionLoggerTest" runstate="Runnable" seed="619115087" result="Passed" start-time="2016-09-07 09:48:16Z" end-time="2016-09-07 09:48:16Z" duration="0.004884" asserts="10" />
              </test-suite>
              <test-suite type="ParameterizedMethod" id="0-1094" name="TestLoggingUnknownServerError" fullname="Ingenico.Connect.Sdk.DefaultImpl.DefaultConnectionLoggerTest.TestLoggingUnknownServerError" classname="Ingenico.Connect.Sdk.DefaultImpl.DefaultConnectionLoggerTest" runstate="Runnable" testcasecount="1" result="Passed" start-time="2016-09-07 09:48:16Z" end-time="2016-09-07 09:48:16Z" duration="0.006305" total="1" passed="1" failed="0" inconclusive="0" skipped="0" asserts="9">
                <test-case id="0-1093" name="TestLoggingUnknownServerError()" fullname="Ingenico.Connect.Sdk.DefaultImpl.DefaultConnectionLoggerTest.TestLoggingUnknownServerError()" methodname="TestLoggingUnknownServerError" classname="Ingenico.Connect.Sdk.DefaultImpl.DefaultConnectionLoggerTest" runstate="Runnable" seed="1023563816" result="Passed" start-time="2016-09-07 09:48:16Z" end-time="2016-09-07 09:48:16Z" duration="0.004048" asserts="9" />
              </test-suite>
              <test-suite type="ParameterizedMethod" id="0-1100" name="TestLogRequestOnly" fullname="Ingenico.Connect.Sdk.DefaultImpl.DefaultConnectionLoggerTest.TestLogRequestOnly" classname="Ingenico.Connect.Sdk.DefaultImpl.DefaultConnectionLoggerTest" runstate="Runnable" testcasecount="1" result="Passed" start-time="2016-09-07 09:48:16Z" end-time="2016-09-07 09:48:16Z" duration="0.006179" total="1" passed="1" failed="0" inconclusive="0" skipped="0" asserts="6">
                <test-case id="0-1099" name="TestLogRequestOnly()" fullname="Ingenico.Connect.Sdk.DefaultImpl.DefaultConnectionLoggerTest.TestLogRequestOnly()" methodname="TestLogRequestOnly" classname="Ingenico.Connect.Sdk.DefaultImpl.DefaultConnectionLoggerTest" runstate="Runnable" seed="1169344008" result="Passed" start-time="2016-09-07 09:48:16Z" end-time="2016-09-07 09:48:16Z" duration="0.003893" asserts="6" />
              </test-suite>
              <test-suite type="ParameterizedMethod" id="0-1102" name="TestLogResponseOnly" fullname="Ingenico.Connect.Sdk.DefaultImpl.DefaultConnectionLoggerTest.TestLogResponseOnly" classname="Ingenico.Connect.Sdk.DefaultImpl.DefaultConnectionLoggerTest" runstate="Runnable" testcasecount="1" result="Passed" start-time="2016-09-07 09:48:16Z" end-time="2016-09-07 09:48:16Z" duration="0.005776" total="1" passed="1" failed="0" inconclusive="0" skipped="0" asserts="6">
                <test-case id="0-1101" name="TestLogResponseOnly()" fullname="Ingenico.Connect.Sdk.DefaultImpl.DefaultConnectionLoggerTest.TestLogResponseOnly()" methodname="TestLogResponseOnly" classname="Ingenico.Connect.Sdk.DefaultImpl.DefaultConnectionLoggerTest" runstate="Runnable" seed="719093440" result="Passed" start-time="2016-09-07 09:48:16Z" end-time="2016-09-07 09:48:16Z" duration="0.003500" asserts="6" />
              </test-suite>
              <test-suite type="ParameterizedMethod" id="0-1096" name="TestNonJson" fullname="Ingenico.Connect.Sdk.DefaultImpl.DefaultConnectionLoggerTest.TestNonJson" classname="Ingenico.Connect.Sdk.DefaultImpl.DefaultConnectionLoggerTest" runstate="Runnable" testcasecount="1" result="Passed" start-time="2016-09-07 09:48:16Z" end-time="2016-09-07 09:48:16Z" duration="0.006040" total="1" passed="1" failed="0" inconclusive="0" skipped="0" asserts="9">
                <test-case id="0-1095" name="TestNonJson()" fullname="Ingenico.Connect.Sdk.DefaultImpl.DefaultConnectionLoggerTest.TestNonJson()" methodname="TestNonJson" classname="Ingenico.Connect.Sdk.DefaultImpl.DefaultConnectionLoggerTest" runstate="Runnable" seed="2110573888" result="Passed" start-time="2016-09-07 09:48:16Z" end-time="2016-09-07 09:48:16Z" duration="0.003797" asserts="9" />
              </test-suite>
              <test-suite type="ParameterizedMethod" id="0-1098" name="TestReadTimeout" fullname="Ingenico.Connect.Sdk.DefaultImpl.DefaultConnectionLoggerTest.TestReadTimeout" classname="Ingenico.Connect.Sdk.DefaultImpl.DefaultConnectionLoggerTest" runstate="Runnable" testcasecount="1" result="Passed" start-time="2016-09-07 09:48:16Z" end-time="2016-09-07 09:48:16Z" duration="0.015015" total="1" passed="1" failed="0" inconclusive="0" skipped="0" asserts="9">
                <test-case id="0-1097" name="TestReadTimeout()" fullname="Ingenico.Connect.Sdk.DefaultImpl.DefaultConnectionLoggerTest.TestReadTimeout()" methodname="TestReadTimeout" classname="Ingenico.Connect.Sdk.DefaultImpl.DefaultConnectionLoggerTest" runstate="Runnable" seed="1029814255" result="Passed" start-time="2016-09-07 09:48:16Z" end-time="2016-09-07 09:48:16Z" duration="0.012774" asserts="9" />
              </test-suite>
            </test-suite>
            <test-suite type="TestFixture" id="0-1105" name="DefaultConnectionTest" fullname="Ingenico.Connect.Sdk.DefaultImpl.DefaultConnectionTest" classname="Ingenico.Connect.Sdk.DefaultImpl.DefaultConnectionTest" runstate="Runnable" testcasecount="5" result="Skipped" label="Ignored" start-time="2016-09-07 09:48:16Z" end-time="2016-09-07 09:48:16Z" duration="0.023782" total="5" passed="3" failed="0" inconclusive="0" skipped="2" asserts="12">
              <reason>
                <message><![CDATA[One or more child tests were ignored]]></message>
              </reason>
              <test-suite type="ParameterizedMethod" id="0-1113" name="TestConstructWithMaxConnectionsWithoutProxy" fullname="Ingenico.Connect.Sdk.DefaultImpl.DefaultConnectionTest.TestConstructWithMaxConnectionsWithoutProxy" classname="Ingenico.Connect.Sdk.DefaultImpl.DefaultConnectionTest" runstate="Ignored" testcasecount="1" result="Skipped" label="Ignored" site="SetUp" start-time="2016-09-07 09:48:16Z" end-time="2016-09-07 09:48:16Z" duration="0.002088" total="1" passed="0" failed="0" inconclusive="0" skipped="1" asserts="0">
                <properties>
                  <property name="_SKIPREASON" value="Not implemented because max connections is not testable" />
                </properties>
                <reason>
                  <message><![CDATA[Not implemented because max connections is not testable]]></message>
                </reason>
                <test-case id="0-1112" name="TestConstructWithMaxConnectionsWithoutProxy()" fullname="Ingenico.Connect.Sdk.DefaultImpl.DefaultConnectionTest.TestConstructWithMaxConnectionsWithoutProxy()" methodname="TestConstructWithMaxConnectionsWithoutProxy" classname="Ingenico.Connect.Sdk.DefaultImpl.DefaultConnectionTest" runstate="Runnable" seed="931594556" result="Skipped" label="Ignored" site="Parent" start-time="0001-01-01 00:00:00Z" end-time="0001-01-01 00:00:00Z" duration="0.000000" asserts="0">
                  <reason>
                    <message><![CDATA[OneTimeSetUp: Not implemented because max connections is not testable]]></message>
                  </reason>
                </test-case>
              </test-suite>
              <test-suite type="ParameterizedMethod" id="0-1115" name="TestConstructWithMaxConnectionsWithProxy" fullname="Ingenico.Connect.Sdk.DefaultImpl.DefaultConnectionTest.TestConstructWithMaxConnectionsWithProxy" classname="Ingenico.Connect.Sdk.DefaultImpl.DefaultConnectionTest" runstate="Ignored" testcasecount="1" result="Skipped" label="Ignored" site="SetUp" start-time="2016-09-07 09:48:16Z" end-time="2016-09-07 09:48:16Z" duration="0.001031" total="1" passed="0" failed="0" inconclusive="0" skipped="1" asserts="0">
                <properties>
                  <property name="_SKIPREASON" value="Not implemented because max connections is not testable" />
                </properties>
                <reason>
                  <message><![CDATA[Not implemented because max connections is not testable]]></message>
                </reason>
                <test-case id="0-1114" name="TestConstructWithMaxConnectionsWithProxy()" fullname="Ingenico.Connect.Sdk.DefaultImpl.DefaultConnectionTest.TestConstructWithMaxConnectionsWithProxy()" methodname="TestConstructWithMaxConnectionsWithProxy" classname="Ingenico.Connect.Sdk.DefaultImpl.DefaultConnectionTest" runstate="Runnable" seed="1955270143" result="Skipped" label="Ignored" site="Parent" start-time="0001-01-01 00:00:00Z" end-time="0001-01-01 00:00:00Z" duration="0.000000" asserts="0">
                  <reason>
                    <message><![CDATA[OneTimeSetUp: Not implemented because max connections is not testable]]></message>
                  </reason>
                </test-case>
              </test-suite>
              <test-suite type="ParameterizedMethod" id="0-1107" name="TestConstructWithoutProxy" fullname="Ingenico.Connect.Sdk.DefaultImpl.DefaultConnectionTest.TestConstructWithoutProxy" classname="Ingenico.Connect.Sdk.DefaultImpl.DefaultConnectionTest" runstate="Runnable" testcasecount="1" result="Passed" start-time="2016-09-07 09:48:16Z" end-time="2016-09-07 09:48:16Z" duration="0.003519" total="1" passed="1" failed="0" inconclusive="0" skipped="0" asserts="2">
                <test-case id="0-1106" name="TestConstructWithoutProxy()" fullname="Ingenico.Connect.Sdk.DefaultImpl.DefaultConnectionTest.TestConstructWithoutProxy()" methodname="TestConstructWithoutProxy" classname="Ingenico.Connect.Sdk.DefaultImpl.DefaultConnectionTest" runstate="Runnable" seed="681621705" result="Passed" start-time="2016-09-07 09:48:16Z" end-time="2016-09-07 09:48:16Z" duration="0.001385" asserts="2" />
              </test-suite>
              <test-suite type="ParameterizedMethod" id="0-1111" name="TestConstructWithProxyWithAuthentication" fullname="Ingenico.Connect.Sdk.DefaultImpl.DefaultConnectionTest.TestConstructWithProxyWithAuthentication" classname="Ingenico.Connect.Sdk.DefaultImpl.DefaultConnectionTest" runstate="Runnable" testcasecount="1" result="Passed" start-time="2016-09-07 09:48:16Z" end-time="2016-09-07 09:48:16Z" duration="0.003599" total="1" passed="1" failed="0" inconclusive="0" skipped="0" asserts="6">
                <test-case id="0-1110" name="TestConstructWithProxyWithAuthentication()" fullname="Ingenico.Connect.Sdk.DefaultImpl.DefaultConnectionTest.TestConstructWithProxyWithAuthentication()" methodname="TestConstructWithProxyWithAuthentication" classname="Ingenico.Connect.Sdk.DefaultImpl.DefaultConnectionTest" runstate="Runnable" seed="1046137610" result="Passed" start-time="2016-09-07 09:48:16Z" end-time="2016-09-07 09:48:16Z" duration="0.001375" asserts="6" />
              </test-suite>
              <test-suite type="ParameterizedMethod" id="0-1109" name="TestConstructWithProxyWithoutAuthentication" fullname="Ingenico.Connect.Sdk.DefaultImpl.DefaultConnectionTest.TestConstructWithProxyWithoutAuthentication" classname="Ingenico.Connect.Sdk.DefaultImpl.DefaultConnectionTest" runstate="Runnable" testcasecount="1" result="Passed" start-time="2016-09-07 09:48:16Z" end-time="2016-09-07 09:48:16Z" duration="0.002779" total="1" passed="1" failed="0" inconclusive="0" skipped="0" asserts="4">
                <test-case id="0-1108" name="TestConstructWithProxyWithoutAuthentication()" fullname="Ingenico.Connect.Sdk.DefaultImpl.DefaultConnectionTest.TestConstructWithProxyWithoutAuthentication()" methodname="TestConstructWithProxyWithoutAuthentication" classname="Ingenico.Connect.Sdk.DefaultImpl.DefaultConnectionTest" runstate="Runnable" seed="1306989982" result="Passed" start-time="2016-09-07 09:48:16Z" end-time="2016-09-07 09:48:16Z" duration="0.000552" asserts="4" />
              </test-suite>
            </test-suite>
            <test-suite type="TestFixture" id="0-1116" name="DefaultMarshallerTest" fullname="Ingenico.Connect.Sdk.DefaultImpl.DefaultMarshallerTest" classname="Ingenico.Connect.Sdk.DefaultImpl.DefaultMarshallerTest" runstate="Runnable" testcasecount="4" result="Passed" start-time="2016-09-07 09:48:16Z" end-time="2016-09-07 09:48:16Z" duration="0.037300" total="4" passed="4" failed="0" inconclusive="0" skipped="0" asserts="10">
              <test-suite type="ParameterizedMethod" id="0-1122" name="TesRedirectData" fullname="Ingenico.Connect.Sdk.DefaultImpl.DefaultMarshallerTest.TesRedirectData" classname="Ingenico.Connect.Sdk.DefaultImpl.DefaultMarshallerTest" runstate="Runnable" testcasecount="1" result="Passed" start-time="2016-09-07 09:48:16Z" end-time="2016-09-07 09:48:16Z" duration="0.005706" total="1" passed="1" failed="0" inconclusive="0" skipped="0" asserts="3">
                <test-case id="0-1121" name="TesRedirectData()" fullname="Ingenico.Connect.Sdk.DefaultImpl.DefaultMarshallerTest.TesRedirectData()" methodname="TesRedirectData" classname="Ingenico.Connect.Sdk.DefaultImpl.DefaultMarshallerTest" runstate="Runnable" seed="860486544" result="Passed" start-time="2016-09-07 09:48:16Z" end-time="2016-09-07 09:48:16Z" duration="0.003442" asserts="3" />
              </test-suite>
              <test-suite type="ParameterizedMethod" id="0-1124" name="TestPaymentProducts" fullname="Ingenico.Connect.Sdk.DefaultImpl.DefaultMarshallerTest.TestPaymentProducts" classname="Ingenico.Connect.Sdk.DefaultImpl.DefaultMarshallerTest" runstate="Runnable" testcasecount="1" result="Passed" start-time="2016-09-07 09:48:16Z" end-time="2016-09-07 09:48:16Z" duration="0.010788" total="1" passed="1" failed="0" inconclusive="0" skipped="0" asserts="3">
                <test-case id="0-1123" name="TestPaymentProducts()" fullname="Ingenico.Connect.Sdk.DefaultImpl.DefaultMarshallerTest.TestPaymentProducts()" methodname="TestPaymentProducts" classname="Ingenico.Connect.Sdk.DefaultImpl.DefaultMarshallerTest" runstate="Runnable" seed="832651040" result="Passed" start-time="2016-09-07 09:48:16Z" end-time="2016-09-07 09:48:16Z" duration="0.008610" asserts="3" />
              </test-suite>
              <test-suite type="ParameterizedMethod" id="0-1120" name="TestRETURNMAC" fullname="Ingenico.Connect.Sdk.DefaultImpl.DefaultMarshallerTest.TestRETURNMAC" classname="Ingenico.Connect.Sdk.DefaultImpl.DefaultMarshallerTest" runstate="Runnable" testcasecount="1" result="Passed" start-time="2016-09-07 09:48:16Z" end-time="2016-09-07 09:48:16Z" duration="0.004088" total="1" passed="1" failed="0" inconclusive="0" skipped="0" asserts="2">
                <test-case id="0-1119" name="TestRETURNMAC()" fullname="Ingenico.Connect.Sdk.DefaultImpl.DefaultMarshallerTest.TestRETURNMAC()" methodname="TestRETURNMAC" classname="Ingenico.Connect.Sdk.DefaultImpl.DefaultMarshallerTest" runstate="Runnable" seed="542273601" result="Passed" start-time="2016-09-07 09:48:16Z" end-time="2016-09-07 09:48:16Z" duration="0.001890" asserts="2" />
              </test-suite>
              <test-suite type="ParameterizedMethod" id="0-1118" name="TestUnmarshalWithExtraFields" fullname="Ingenico.Connect.Sdk.DefaultImpl.DefaultMarshallerTest.TestUnmarshalWithExtraFields" classname="Ingenico.Connect.Sdk.DefaultImpl.DefaultMarshallerTest" runstate="Runnable" testcasecount="1" result="Passed" start-time="2016-09-07 09:48:16Z" end-time="2016-09-07 09:48:16Z" duration="0.008235" total="1" passed="1" failed="0" inconclusive="0" skipped="0" asserts="2">
                <test-case id="0-1117" name="TestUnmarshalWithExtraFields()" fullname="Ingenico.Connect.Sdk.DefaultImpl.DefaultMarshallerTest.TestUnmarshalWithExtraFields()" methodname="TestUnmarshalWithExtraFields" classname="Ingenico.Connect.Sdk.DefaultImpl.DefaultMarshallerTest" runstate="Runnable" seed="150491226" result="Passed" start-time="2016-09-07 09:48:16Z" end-time="2016-09-07 09:48:16Z" duration="0.006081" asserts="2" />
              </test-suite>
            </test-suite>
          </test-suite>
          <test-suite type="TestFixture" id="0-1125" name="FactoryTest" fullname="Ingenico.Connect.Sdk.FactoryTest" classname="Ingenico.Connect.Sdk.FactoryTest" runstate="Runnable" testcasecount="2" result="Passed" start-time="2016-09-07 09:48:16Z" end-time="2016-09-07 09:48:16Z" duration="0.010256" total="2" passed="2" failed="0" inconclusive="0" skipped="0" asserts="16">
            <test-suite type="ParameterizedMethod" id="0-1129" name="TestCreateCommunicator" fullname="Ingenico.Connect.Sdk.FactoryTest.TestCreateCommunicator" classname="Ingenico.Connect.Sdk.FactoryTest" runstate="Runnable" testcasecount="1" result="Passed" start-time="2016-09-07 09:48:16Z" end-time="2016-09-07 09:48:16Z" duration="0.003230" total="1" passed="1" failed="0" inconclusive="0" skipped="0" asserts="9">
              <test-case id="0-1128" name="TestCreateCommunicator()" fullname="Ingenico.Connect.Sdk.FactoryTest.TestCreateCommunicator()" methodname="TestCreateCommunicator" classname="Ingenico.Connect.Sdk.FactoryTest" runstate="Runnable" seed="368328726" result="Passed" start-time="2016-09-07 09:48:16Z" end-time="2016-09-07 09:48:16Z" duration="0.001014" asserts="9" />
            </test-suite>
            <test-suite type="ParameterizedMethod" id="0-1127" name="TestCreateConfiguration" fullname="Ingenico.Connect.Sdk.FactoryTest.TestCreateConfiguration" classname="Ingenico.Connect.Sdk.FactoryTest" runstate="Runnable" testcasecount="1" result="Passed" start-time="2016-09-07 09:48:16Z" end-time="2016-09-07 09:48:16Z" duration="0.002731" total="1" passed="1" failed="0" inconclusive="0" skipped="0" asserts="7">
              <test-case id="0-1126" name="TestCreateConfiguration()" fullname="Ingenico.Connect.Sdk.FactoryTest.TestCreateConfiguration()" methodname="TestCreateConfiguration" classname="Ingenico.Connect.Sdk.FactoryTest" runstate="Runnable" seed="1933704312" result="Passed" start-time="2016-09-07 09:48:16Z" end-time="2016-09-07 09:48:16Z" duration="0.000532" asserts="7" />
            </test-suite>
          </test-suite>
          <test-suite type="TestSuite" id="0-1206" name="Logging" fullname="Ingenico.Connect.Sdk.Logging" runstate="Runnable" testcasecount="11" result="Passed" start-time="2016-09-07 09:48:15Z" end-time="2016-09-07 09:48:16Z" duration="1.297251" total="11" passed="11" failed="0" inconclusive="0" skipped="0" asserts="27">
            <test-suite type="TestFixture" id="0-1130" name="LoggingUtilTest" fullname="Ingenico.Connect.Sdk.Logging.LoggingUtilTest" classname="Ingenico.Connect.Sdk.Logging.LoggingUtilTest" runstate="Runnable" testcasecount="7" result="Passed" start-time="2016-09-07 09:48:16Z" end-time="2016-09-07 09:48:16Z" duration="0.031897" total="7" passed="7" failed="0" inconclusive="0" skipped="0" asserts="18">
              <test-suite type="ParameterizedMethod" id="0-1140" name="TestObfuscateBodyWithBin" fullname="Ingenico.Connect.Sdk.Logging.LoggingUtilTest.TestObfuscateBodyWithBin" classname="Ingenico.Connect.Sdk.Logging.LoggingUtilTest" runstate="Runnable" testcasecount="1" result="Passed" start-time="2016-09-07 09:48:16Z" end-time="2016-09-07 09:48:16Z" duration="0.002413" total="1" passed="1" failed="0" inconclusive="0" skipped="0" asserts="1">
                <test-case id="0-1139" name="TestObfuscateBodyWithBin()" fullname="Ingenico.Connect.Sdk.Logging.LoggingUtilTest.TestObfuscateBodyWithBin()" methodname="TestObfuscateBodyWithBin" classname="Ingenico.Connect.Sdk.Logging.LoggingUtilTest" runstate="Runnable" seed="446686941" result="Passed" start-time="2016-09-07 09:48:16Z" end-time="2016-09-07 09:48:16Z" duration="0.000213" asserts="1" />
              </test-suite>
              <test-suite type="ParameterizedMethod" id="0-1136" name="TestObfuscateBodyWithCard" fullname="Ingenico.Connect.Sdk.Logging.LoggingUtilTest.TestObfuscateBodyWithCard" classname="Ingenico.Connect.Sdk.Logging.LoggingUtilTest" runstate="Runnable" testcasecount="1" result="Passed" start-time="2016-09-07 09:48:16Z" end-time="2016-09-07 09:48:16Z" duration="0.002429" total="1" passed="1" failed="0" inconclusive="0" skipped="0" asserts="1">
                <test-case id="0-1135" name="TestObfuscateBodyWithCard()" fullname="Ingenico.Connect.Sdk.Logging.LoggingUtilTest.TestObfuscateBodyWithCard()" methodname="TestObfuscateBodyWithCard" classname="Ingenico.Connect.Sdk.Logging.LoggingUtilTest" runstate="Runnable" seed="1536933373" result="Passed" start-time="2016-09-07 09:48:16Z" end-time="2016-09-07 09:48:16Z" duration="0.000176" asserts="1" />
              </test-suite>
              <test-suite type="ParameterizedMethod" id="0-1134" name="TestObfuscateBodyWithEmptyBody" fullname="Ingenico.Connect.Sdk.Logging.LoggingUtilTest.TestObfuscateBodyWithEmptyBody" classname="Ingenico.Connect.Sdk.Logging.LoggingUtilTest" runstate="Runnable" testcasecount="1" result="Passed" start-time="2016-09-07 09:48:16Z" end-time="2016-09-07 09:48:16Z" duration="0.002328" total="1" passed="1" failed="0" inconclusive="0" skipped="0" asserts="1">
                <test-case id="0-1133" name="TestObfuscateBodyWithEmptyBody()" fullname="Ingenico.Connect.Sdk.Logging.LoggingUtilTest.TestObfuscateBodyWithEmptyBody()" methodname="TestObfuscateBodyWithEmptyBody" classname="Ingenico.Connect.Sdk.Logging.LoggingUtilTest" runstate="Runnable" seed="1324515316" result="Passed" start-time="2016-09-07 09:48:16Z" end-time="2016-09-07 09:48:16Z" duration="0.000117" asserts="1" />
              </test-suite>
              <test-suite type="ParameterizedMethod" id="0-1138" name="TestObfuscateBodyWithIban" fullname="Ingenico.Connect.Sdk.Logging.LoggingUtilTest.TestObfuscateBodyWithIban" classname="Ingenico.Connect.Sdk.Logging.LoggingUtilTest" runstate="Runnable" testcasecount="1" result="Passed" start-time="2016-09-07 09:48:16Z" end-time="2016-09-07 09:48:16Z" duration="0.002369" total="1" passed="1" failed="0" inconclusive="0" skipped="0" asserts="1">
                <test-case id="0-1137" name="TestObfuscateBodyWithIban()" fullname="Ingenico.Connect.Sdk.Logging.LoggingUtilTest.TestObfuscateBodyWithIban()" methodname="TestObfuscateBodyWithIban" classname="Ingenico.Connect.Sdk.Logging.LoggingUtilTest" runstate="Runnable" seed="745915710" result="Passed" start-time="2016-09-07 09:48:16Z" end-time="2016-09-07 09:48:16Z" duration="0.000173" asserts="1" />
              </test-suite>
              <test-suite type="ParameterizedMethod" id="0-1142" name="TestObfuscateBodyWithNoMatches" fullname="Ingenico.Connect.Sdk.Logging.LoggingUtilTest.TestObfuscateBodyWithNoMatches" classname="Ingenico.Connect.Sdk.Logging.LoggingUtilTest" runstate="Runnable" testcasecount="1" result="Passed" start-time="2016-09-07 09:48:16Z" end-time="2016-09-07 09:48:16Z" duration="0.002439" total="1" passed="1" failed="0" inconclusive="0" skipped="0" asserts="1">
                <test-case id="0-1141" name="TestObfuscateBodyWithNoMatches()" fullname="Ingenico.Connect.Sdk.Logging.LoggingUtilTest.TestObfuscateBodyWithNoMatches()" methodname="TestObfuscateBodyWithNoMatches" classname="Ingenico.Connect.Sdk.Logging.LoggingUtilTest" runstate="Runnable" seed="601405781" result="Passed" start-time="2016-09-07 09:48:16Z" end-time="2016-09-07 09:48:16Z" duration="0.000214" asserts="1" />
              </test-suite>
              <test-suite type="ParameterizedMethod" id="0-1132" name="TestObfuscateBodyWithNullBody" fullname="Ingenico.Connect.Sdk.Logging.LoggingUtilTest.TestObfuscateBodyWithNullBody" classname="Ingenico.Connect.Sdk.Logging.LoggingUtilTest" runstate="Runnable" testcasecount="1" result="Passed" start-time="2016-09-07 09:48:16Z" end-time="2016-09-07 09:48:16Z" duration="0.002336" total="1" passed="1" failed="0" inconclusive="0" skipped="0" asserts="1">
                <test-case id="0-1131" name="TestObfuscateBodyWithNullBody()" fullname="Ingenico.Connect.Sdk.Logging.LoggingUtilTest.TestObfuscateBodyWithNullBody()" methodname="TestObfuscateBodyWithNullBody" classname="Ingenico.Connect.Sdk.Logging.LoggingUtilTest" runstate="Runnable" seed="931176016" result="Passed" start-time="2016-09-07 09:48:16Z" end-time="2016-09-07 09:48:16Z" duration="0.000119" asserts="1" />
              </test-suite>
              <test-suite type="ParameterizedMethod" id="0-1144" name="TestObfuscateHeader" fullname="Ingenico.Connect.Sdk.Logging.LoggingUtilTest.TestObfuscateHeader" classname="Ingenico.Connect.Sdk.Logging.LoggingUtilTest" runstate="Runnable" testcasecount="1" result="Passed" start-time="2016-09-07 09:48:16Z" end-time="2016-09-07 09:48:16Z" duration="0.002533" total="1" passed="1" failed="0" inconclusive="0" skipped="0" asserts="12">
                <test-case id="0-1143" name="TestObfuscateHeader()" fullname="Ingenico.Connect.Sdk.Logging.LoggingUtilTest.TestObfuscateHeader()" methodname="TestObfuscateHeader" classname="Ingenico.Connect.Sdk.Logging.LoggingUtilTest" runstate="Runnable" seed="1379513505" result="Passed" start-time="2016-09-07 09:48:16Z" end-time="2016-09-07 09:48:16Z" duration="0.000366" asserts="12" />
              </test-suite>
            </test-suite>
            <test-suite type="TestFixture" id="0-1198" name="NLogCommunicatorLoggerTest" fullname="Ingenico.Connect.Sdk.Logging.NLogCommunicatorLoggerTest" classname="Ingenico.Connect.Sdk.Logging.NLogCommunicatorLoggerTest" runstate="Runnable" testcasecount="2" result="Passed" start-time="2016-09-07 09:48:16Z" end-time="2016-09-07 09:48:16Z" duration="0.152088" total="2" passed="2" failed="0" inconclusive="0" skipped="0" asserts="7">
              <test-case id="0-1199" name="TestLog" fullname="Ingenico.Connect.Sdk.Logging.NLogCommunicatorLoggerTest.TestLog" methodname="TestLog" classname="Ingenico.Connect.Sdk.Logging.NLogCommunicatorLoggerTest" runstate="Runnable" seed="1587546469" result="Passed" start-time="2016-09-07 09:48:16Z" end-time="2016-09-07 09:48:16Z" duration="0.136003" asserts="3" />
              <test-case id="0-1200" name="TestLogException" fullname="Ingenico.Connect.Sdk.Logging.NLogCommunicatorLoggerTest.TestLogException" methodname="TestLogException" classname="Ingenico.Connect.Sdk.Logging.NLogCommunicatorLoggerTest" runstate="Runnable" seed="209552449" result="Passed" start-time="2016-09-07 09:48:16Z" end-time="2016-09-07 09:48:16Z" duration="0.011636" asserts="4" />
            </test-suite>
            <test-suite type="TestFixture" id="0-1145" name="SysOutCommunicatorLoggerTest" fullname="Ingenico.Connect.Sdk.Logging.SysOutCommunicatorLoggerTest" classname="Ingenico.Connect.Sdk.Logging.SysOutCommunicatorLoggerTest" runstate="Runnable" testcasecount="2" result="Passed" start-time="2016-09-07 09:48:16Z" end-time="2016-09-07 09:48:16Z" duration="0.011274" total="2" passed="2" failed="0" inconclusive="0" skipped="0" asserts="2">
              <test-suite type="ParameterizedMethod" id="0-1147" name="TestLog" fullname="Ingenico.Connect.Sdk.Logging.SysOutCommunicatorLoggerTest.TestLog" classname="Ingenico.Connect.Sdk.Logging.SysOutCommunicatorLoggerTest" runstate="Runnable" testcasecount="1" result="Passed" start-time="2016-09-07 09:48:16Z" end-time="2016-09-07 09:48:16Z" duration="0.003118" total="1" passed="1" failed="0" inconclusive="0" skipped="0" asserts="1">
                <test-case id="0-1146" name="TestLog()" fullname="Ingenico.Connect.Sdk.Logging.SysOutCommunicatorLoggerTest.TestLog()" methodname="TestLog" classname="Ingenico.Connect.Sdk.Logging.SysOutCommunicatorLoggerTest" runstate="Runnable" seed="87610352" result="Passed" start-time="2016-09-07 09:48:16Z" end-time="2016-09-07 09:48:16Z" duration="0.000961" asserts="1" />
              </test-suite>
              <test-suite type="ParameterizedMethod" id="0-1149" name="TestLogWithException" fullname="Ingenico.Connect.Sdk.Logging.SysOutCommunicatorLoggerTest.TestLogWithException" classname="Ingenico.Connect.Sdk.Logging.SysOutCommunicatorLoggerTest" runstate="Runnable" testcasecount="1" result="Passed" start-time="2016-09-07 09:48:16Z" end-time="2016-09-07 09:48:16Z" duration="0.003850" total="1" passed="1" failed="0" inconclusive="0" skipped="0" asserts="1">
                <test-case id="0-1148" name="TestLogWithException()" fullname="Ingenico.Connect.Sdk.Logging.SysOutCommunicatorLoggerTest.TestLogWithException()" methodname="TestLogWithException" classname="Ingenico.Connect.Sdk.Logging.SysOutCommunicatorLoggerTest" runstate="Runnable" seed="627889219" result="Passed" start-time="2016-09-07 09:48:16Z" end-time="2016-09-07 09:48:16Z" duration="0.001698" asserts="1" />
              </test-suite>
            </test-suite>
          </test-suite>
          <test-suite type="TestSuite" id="0-1207" name="Merchant" fullname="Ingenico.Connect.Sdk.Merchant" runstate="Runnable" testcasecount="15" result="Passed" start-time="2016-09-07 09:48:15Z" end-time="2016-09-07 09:48:16Z" duration="1.428386" total="15" passed="15" failed="0" inconclusive="0" skipped="0" asserts="66">
            <test-suite type="TestSuite" id="0-1208" name="Payments" fullname="Ingenico.Connect.Sdk.Merchant.Payments" runstate="Runnable" testcasecount="8" result="Passed" start-time="2016-09-07 09:48:15Z" end-time="2016-09-07 09:48:16Z" duration="1.365743" total="8" passed="8" failed="0" inconclusive="0" skipped="0" asserts="19">
              <test-suite type="TestFixture" id="0-1150" name="PaymentsClientTest" fullname="Ingenico.Connect.Sdk.Merchant.Payments.PaymentsClientTest" classname="Ingenico.Connect.Sdk.Merchant.Payments.PaymentsClientTest" runstate="Runnable" testcasecount="8" result="Passed" start-time="2016-09-07 09:48:16Z" end-time="2016-09-07 09:48:16Z" duration="0.067521" total="8" passed="8" failed="0" inconclusive="0" skipped="0" asserts="19">
                <test-suite type="ParameterizedMethod" id="0-1162" name="TestCreateIdempotenceError" fullname="Ingenico.Connect.Sdk.Merchant.Payments.PaymentsClientTest.TestCreateIdempotenceError" classname="Ingenico.Connect.Sdk.Merchant.Payments.PaymentsClientTest" runstate="Runnable" testcasecount="1" result="Passed" start-time="2016-09-07 09:48:16Z" end-time="2016-09-07 09:48:16Z" duration="0.012142" total="1" passed="1" failed="0" inconclusive="0" skipped="0" asserts="2">
                  <test-case id="0-1161" name="TestCreateIdempotenceError()" fullname="Ingenico.Connect.Sdk.Merchant.Payments.PaymentsClientTest.TestCreateIdempotenceError()" methodname="TestCreateIdempotenceError" classname="Ingenico.Connect.Sdk.Merchant.Payments.PaymentsClientTest" runstate="Runnable" seed="1974560334" result="Passed" start-time="2016-09-07 09:48:16Z" end-time="2016-09-07 09:48:16Z" duration="0.009944" asserts="2" />
                </test-suite>
                <test-suite type="ParameterizedMethod" id="0-1158" name="TestCreateInvalidAuthorization" fullname="Ingenico.Connect.Sdk.Merchant.Payments.PaymentsClientTest.TestCreateInvalidAuthorization" classname="Ingenico.Connect.Sdk.Merchant.Payments.PaymentsClientTest" runstate="Runnable" testcasecount="1" result="Passed" start-time="2016-09-07 09:48:16Z" end-time="2016-09-07 09:48:16Z" duration="0.004752" total="1" passed="1" failed="0" inconclusive="0" skipped="0" asserts="1">
                  <test-case id="0-1157" name="TestCreateInvalidAuthorization()" fullname="Ingenico.Connect.Sdk.Merchant.Payments.PaymentsClientTest.TestCreateInvalidAuthorization()" methodname="TestCreateInvalidAuthorization" classname="Ingenico.Connect.Sdk.Merchant.Payments.PaymentsClientTest" runstate="Runnable" seed="2107722208" result="Passed" start-time="2016-09-07 09:48:16Z" end-time="2016-09-07 09:48:16Z" duration="0.002570" asserts="1" />
                </test-suite>
                <test-suite type="ParameterizedMethod" id="0-1156" name="TestCreateInvalidRequest" fullname="Ingenico.Connect.Sdk.Merchant.Payments.PaymentsClientTest.TestCreateInvalidRequest" classname="Ingenico.Connect.Sdk.Merchant.Payments.PaymentsClientTest" runstate="Runnable" testcasecount="1" result="Passed" start-time="2016-09-07 09:48:16Z" end-time="2016-09-07 09:48:16Z" duration="0.008108" total="1" passed="1" failed="0" inconclusive="0" skipped="0" asserts="1">
                  <test-case id="0-1155" name="TestCreateInvalidRequest()" fullname="Ingenico.Connect.Sdk.Merchant.Payments.PaymentsClientTest.TestCreateInvalidRequest()" methodname="TestCreateInvalidRequest" classname="Ingenico.Connect.Sdk.Merchant.Payments.PaymentsClientTest" runstate="Runnable" seed="582382108" result="Passed" start-time="2016-09-07 09:48:16Z" end-time="2016-09-07 09:48:16Z" duration="0.005881" asserts="1" />
                </test-suite>
[...]
                  <test-case id="0-1163" name="TestCreateNotFound()" fullname="Ingenico.Connect.Sdk.Merchant.Payments.PaymentsClientTest.TestCreateNotFound()" methodname="TestCreateNotFound" classname="Ingenico.Connect.Sdk.Merchant.Payments.PaymentsClientTest" runstate="Runnable" seed="185261761" result="Passed" start-time="2016-09-07 09:48:16Z" end-time="2016-09-07 09:48:16Z" duration="0.003180" asserts="3" />
                </test-suite>
                <test-suite type="ParameterizedMethod" id="0-1160" name="TestCreateReferenceError" fullname="Ingenico.Connect.Sdk.Merchant.Payments.PaymentsClientTest.TestCreateReferenceError" classname="Ingenico.Connect.Sdk.Merchant.Payments.PaymentsClientTest" runstate="Runnable" testcasecount="1" result="Passed" start-time="2016-09-07 09:48:16Z" end-time="2016-09-07 09:48:16Z" duration="0.004706" total="1" passed="1" failed="0" inconclusive="0" skipped="0" asserts="1">
                  <test-case id="0-1159" name="TestCreateReferenceError()" fullname="Ingenico.Connect.Sdk.Merchant.Payments.PaymentsClientTest.TestCreateReferenceError()" methodname="TestCreateReferenceError" classname="Ingenico.Connect.Sdk.Merchant.Payments.PaymentsClientTest" runstate="Runnable" seed="1245858035" result="Passed" start-time="2016-09-07 09:48:16Z" end-time="2016-09-07 09:48:16Z" duration="0.002480" asserts="1" />
                </test-suite>
                <test-suite type="ParameterizedMethod" id="0-1154" name="TestCreateRejected" fullname="Ingenico.Connect.Sdk.Merchant.Payments.PaymentsClientTest.TestCreateRejected" classname="Ingenico.Connect.Sdk.Merchant.Payments.PaymentsClientTest" runstate="Runnable" testcasecount="1" result="Passed" start-time="2016-09-07 09:48:16Z" end-time="2016-09-07 09:48:16Z" duration="0.004920" total="1" passed="1" failed="0" inconclusive="0" skipped="0" asserts="6">
                  <test-case id="0-1153" name="TestCreateRejected()" fullname="Ingenico.Connect.Sdk.Merchant.Payments.PaymentsClientTest.TestCreateRejected()" methodname="TestCreateRejected" classname="Ingenico.Connect.Sdk.Merchant.Payments.PaymentsClientTest" runstate="Runnable" seed="920372584" result="Passed" start-time="2016-09-07 09:48:16Z" end-time="2016-09-07 09:48:16Z" duration="0.002724" asserts="6" />
                </test-suite>
                <test-suite type="ParameterizedMethod" id="0-1152" name="TestCreateSuccess" fullname="Ingenico.Connect.Sdk.Merchant.Payments.PaymentsClientTest.TestCreateSuccess" classname="Ingenico.Connect.Sdk.Merchant.Payments.PaymentsClientTest" runstate="Runnable" testcasecount="1" result="Passed" start-time="2016-09-07 09:48:16Z" end-time="2016-09-07 09:48:16Z" duration="0.004509" total="1" passed="1" failed="0" inconclusive="0" skipped="0" asserts="2">
                  <test-case id="0-1151" name="TestCreateSuccess()" fullname="Ingenico.Connect.Sdk.Merchant.Payments.PaymentsClientTest.TestCreateSuccess()" methodname="TestCreateSuccess" classname="Ingenico.Connect.Sdk.Merchant.Payments.PaymentsClientTest" runstate="Runnable" seed="1508251600" result="Passed" start-time="2016-09-07 09:48:16Z" end-time="2016-09-07 09:48:16Z" duration="0.002278" asserts="2" />
                </test-suite>
              </test-suite>
            </test-suite>
            <test-suite type="TestSuite" id="0-1209" name="Productgroups" fullname="Ingenico.Connect.Sdk.Merchant.Productgroups" runstate="Runnable" testcasecount="2" result="Passed" start-time="2016-09-07 09:48:15Z" end-time="2016-09-07 09:48:16Z" duration="1.383540" total="2" passed="2" failed="0" inconclusive="0" skipped="0" asserts="18">
              <test-suite type="TestFixture" id="0-1167" name="FindProductgroupsParamsTest" fullname="Ingenico.Connect.Sdk.Merchant.Productgroups.FindProductgroupsParamsTest" classname="Ingenico.Connect.Sdk.Merchant.Productgroups.FindProductgroupsParamsTest" runstate="Runnable" testcasecount="1" result="Passed" start-time="2016-09-07 09:48:16Z" end-time="2016-09-07 09:48:16Z" duration="0.007559" total="1" passed="1" failed="0" inconclusive="0" skipped="0" asserts="9">
                <test-suite type="ParameterizedMethod" id="0-1169" name="TestToRequestParameters" fullname="Ingenico.Connect.Sdk.Merchant.Productgroups.FindProductgroupsParamsTest.TestToRequestParameters" classname="Ingenico.Connect.Sdk.Merchant.Productgroups.FindProductgroupsParamsTest" runstate="Runnable" testcasecount="1" result="Passed" start-time="2016-09-07 09:48:16Z" end-time="2016-09-07 09:48:16Z" duration="0.005284" total="1" passed="1" failed="0" inconclusive="0" skipped="0" asserts="9">
                  <test-case id="0-1168" name="TestToRequestParameters()" fullname="Ingenico.Connect.Sdk.Merchant.Productgroups.FindProductgroupsParamsTest.TestToRequestParameters()" methodname="TestToRequestParameters" classname="Ingenico.Connect.Sdk.Merchant.Productgroups.FindProductgroupsParamsTest" runstate="Runnable" seed="462083086" result="Passed" start-time="2016-09-07 09:48:16Z" end-time="2016-09-07 09:48:16Z" duration="0.003123" asserts="9" />
                </test-suite>
              </test-suite>
              <test-suite type="TestFixture" id="0-1170" name="GetProductgroupParamsTest" fullname="Ingenico.Connect.Sdk.Merchant.Productgroups.GetProductgroupParamsTest" classname="Ingenico.Connect.Sdk.Merchant.Productgroups.GetProductgroupParamsTest" runstate="Runnable" testcasecount="1" result="Passed" start-time="2016-09-07 09:48:16Z" end-time="2016-09-07 09:48:16Z" duration="0.006112" total="1" passed="1" failed="0" inconclusive="0" skipped="0" asserts="9">
                <test-suite type="ParameterizedMethod" id="0-1172" name="TestToRequestParameters" fullname="Ingenico.Connect.Sdk.Merchant.Productgroups.GetProductgroupParamsTest.TestToRequestParameters" classname="Ingenico.Connect.Sdk.Merchant.Productgroups.GetProductgroupParamsTest" runstate="Runnable" testcasecount="1" result="Passed" start-time="2016-09-07 09:48:16Z" end-time="2016-09-07 09:48:16Z" duration="0.003801" total="1" passed="1" failed="0" inconclusive="0" skipped="0" asserts="9">
                  <test-case id="0-1171" name="TestToRequestParameters()" fullname="Ingenico.Connect.Sdk.Merchant.Productgroups.GetProductgroupParamsTest.TestToRequestParameters()" methodname="TestToRequestParameters" classname="Ingenico.Connect.Sdk.Merchant.Productgroups.GetProductgroupParamsTest" runstate="Runnable" seed="1796660775" result="Passed" start-time="2016-09-07 09:48:16Z" end-time="2016-09-07 09:48:16Z" duration="0.001559" asserts="9" />
                </test-suite>
              </test-suite>
            </test-suite>
            <test-suite type="TestSuite" id="0-1210" name="Products" fullname="Ingenico.Connect.Sdk.Merchant.Products" runstate="Runnable" testcasecount="3" result="Passed" start-time="2016-09-07 09:48:15Z" end-time="2016-09-07 09:48:16Z" duration="1.406519" total="3" passed="3" failed="0" inconclusive="0" skipped="0" asserts="21">
              <test-suite type="TestFixture" id="0-1173" name="DirectoryParamsTest" fullname="Ingenico.Connect.Sdk.Merchant.Products.DirectoryParamsTest" classname="Ingenico.Connect.Sdk.Merchant.Products.DirectoryParamsTest" runstate="Runnable" testcasecount="1" result="Passed" start-time="2016-09-07 09:48:16Z" end-time="2016-09-07 09:48:16Z" duration="0.005029" total="1" passed="1" failed="0" inconclusive="0" skipped="0" asserts="3">
                <test-suite type="ParameterizedMethod" id="0-1175" name="TestToRequestParameters" fullname="Ingenico.Connect.Sdk.Merchant.Products.DirectoryParamsTest.TestToRequestParameters" classname="Ingenico.Connect.Sdk.Merchant.Products.DirectoryParamsTest" runstate="Runnable" testcasecount="1" result="Passed" start-time="2016-09-07 09:48:16Z" end-time="2016-09-07 09:48:16Z" duration="0.002764" total="1" passed="1" failed="0" inconclusive="0" skipped="0" asserts="3">
                  <test-case id="0-1174" name="TestToRequestParameters()" fullname="Ingenico.Connect.Sdk.Merchant.Products.DirectoryParamsTest.TestToRequestParameters()" methodname="TestToRequestParameters" classname="Ingenico.Connect.Sdk.Merchant.Products.DirectoryParamsTest" runstate="Runnable" seed="173487819" result="Passed" start-time="2016-09-07 09:48:16Z" end-time="2016-09-07 09:48:16Z" duration="0.000550" asserts="3" />
                </test-suite>
              </test-suite>
              <test-suite type="TestFixture" id="0-1195" name="FindProductsParamsTest" fullname="Ingenico.Connect.Sdk.Merchant.Products.FindProductsParamsTest" classname="Ingenico.Connect.Sdk.Merchant.Products.FindProductsParamsTest" runstate="Runnable" testcasecount="1" result="Passed" start-time="2016-09-07 09:48:16Z" end-time="2016-09-07 09:48:16Z" duration="0.005826" total="1" passed="1" failed="0" inconclusive="0" skipped="0" asserts="9">
                <test-suite type="ParameterizedMethod" id="0-1197" name="TestToRequestParameters" fullname="Ingenico.Connect.Sdk.Merchant.Products.FindProductsParamsTest.TestToRequestParameters" classname="Ingenico.Connect.Sdk.Merchant.Products.FindProductsParamsTest" runstate="Runnable" testcasecount="1" result="Passed" start-time="2016-09-07 09:48:16Z" end-time="2016-09-07 09:48:16Z" duration="0.003584" total="1" passed="1" failed="0" inconclusive="0" skipped="0" asserts="9">
                  <test-case id="0-1196" name="TestToRequestParameters()" fullname="Ingenico.Connect.Sdk.Merchant.Products.FindProductsParamsTest.TestToRequestParameters()" methodname="TestToRequestParameters" classname="Ingenico.Connect.Sdk.Merchant.Products.FindProductsParamsTest" runstate="Runnable" seed="1606472852" result="Passed" start-time="2016-09-07 09:48:16Z" end-time="2016-09-07 09:48:16Z" duration="0.001399" asserts="9" />
                </test-suite>
              </test-suite>
              <test-suite type="TestFixture" id="0-1176" name="GetProductParamsTest" fullname="Ingenico.Connect.Sdk.Merchant.Products.GetProductParamsTest" classname="Ingenico.Connect.Sdk.Merchant.Products.GetProductParamsTest" runstate="Runnable" testcasecount="1" result="Passed" start-time="2016-09-07 09:48:16Z" end-time="2016-09-07 09:48:16Z" duration="0.005882" total="1" passed="1" failed="0" inconclusive="0" skipped="0" asserts="9">
                <test-suite type="ParameterizedMethod" id="0-1178" name="TestToRequestParameters" fullname="Ingenico.Connect.Sdk.Merchant.Products.GetProductParamsTest.TestToRequestParameters" classname="Ingenico.Connect.Sdk.Merchant.Products.GetProductParamsTest" runstate="Runnable" testcasecount="1" result="Passed" start-time="2016-09-07 09:48:16Z" end-time="2016-09-07 09:48:16Z" duration="0.003630" total="1" passed="1" failed="0" inconclusive="0" skipped="0" asserts="9">
                  <test-case id="0-1177" name="TestToRequestParameters()" fullname="Ingenico.Connect.Sdk.Merchant.Products.GetProductParamsTest.TestToRequestParameters()" methodname="TestToRequestParameters" classname="Ingenico.Connect.Sdk.Merchant.Products.GetProductParamsTest" runstate="Runnable" seed="1132183157" result="Passed" start-time="2016-09-07 09:48:16Z" end-time="2016-09-07 09:48:16Z" duration="0.001420" asserts="9" />
                </test-suite>
              </test-suite>
            </test-suite>
            <test-suite type="TestSuite" id="0-1211" name="Services" fullname="Ingenico.Connect.Sdk.Merchant.Services" runstate="Runnable" testcasecount="1" result="Passed" start-time="2016-09-07 09:48:15Z" end-time="2016-09-07 09:48:16Z" duration="1.413665" total="1" passed="1" failed="0" inconclusive="0" skipped="0" asserts="5">
              <test-suite type="TestFixture" id="0-1179" name="ConvertAmountParamsTest" fullname="Ingenico.Connect.Sdk.Merchant.Services.ConvertAmountParamsTest" classname="Ingenico.Connect.Sdk.Merchant.Services.ConvertAmountParamsTest" runstate="Runnable" testcasecount="1" result="Passed" start-time="2016-09-07 09:48:16Z" end-time="2016-09-07 09:48:16Z" duration="0.005112" total="1" passed="1" failed="0" inconclusive="0" skipped="0" asserts="5">
                <test-suite type="ParameterizedMethod" id="0-1181" name="TestToRequestParameters" fullname="Ingenico.Connect.Sdk.Merchant.Services.ConvertAmountParamsTest.TestToRequestParameters" classname="Ingenico.Connect.Sdk.Merchant.Services.ConvertAmountParamsTest" runstate="Runnable" testcasecount="1" result="Passed" start-time="2016-09-07 09:48:16Z" end-time="2016-09-07 09:48:16Z" duration="0.002904" total="1" passed="1" failed="0" inconclusive="0" skipped="0" asserts="5">
                  <test-case id="0-1180" name="TestToRequestParameters()" fullname="Ingenico.Connect.Sdk.Merchant.Services.ConvertAmountParamsTest.TestToRequestParameters()" methodname="TestToRequestParameters" classname="Ingenico.Connect.Sdk.Merchant.Services.ConvertAmountParamsTest" runstate="Runnable" seed="15905014" result="Passed" start-time="2016-09-07 09:48:16Z" end-time="2016-09-07 09:48:16Z" duration="0.000671" asserts="5" />
                </test-suite>
              </test-suite>
            </test-suite>
            <test-suite type="TestSuite" id="0-1212" name="Tokens" fullname="Ingenico.Connect.Sdk.Merchant.Tokens" runstate="Runnable" testcasecount="1" result="Passed" start-time="2016-09-07 09:48:15Z" end-time="2016-09-07 09:48:16Z" duration="1.421876" total="1" passed="1" failed="0" inconclusive="0" skipped="0" asserts="3">
              <test-suite type="TestFixture" id="0-1182" name="DeleteTokenParamsTest" fullname="Ingenico.Connect.Sdk.Merchant.Tokens.DeleteTokenParamsTest" classname="Ingenico.Connect.Sdk.Merchant.Tokens.DeleteTokenParamsTest" runstate="Runnable" testcasecount="1" result="Passed" start-time="2016-09-07 09:48:16Z" end-time="2016-09-07 09:48:16Z" duration="0.005489" total="1" passed="1" failed="0" inconclusive="0" skipped="0" asserts="3">
                <test-suite type="ParameterizedMethod" id="0-1184" name="TestToRequestParameters" fullname="Ingenico.Connect.Sdk.Merchant.Tokens.DeleteTokenParamsTest.TestToRequestParameters" classname="Ingenico.Connect.Sdk.Merchant.Tokens.DeleteTokenParamsTest" runstate="Runnable" testcasecount="1" result="Passed" start-time="2016-09-07 09:48:16Z" end-time="2016-09-07 09:48:16Z" duration="0.003306" total="1" passed="1" failed="0" inconclusive="0" skipped="0" asserts="3">
                  <test-case id="0-1183" name="TestToRequestParameters()" fullname="Ingenico.Connect.Sdk.Merchant.Tokens.DeleteTokenParamsTest.TestToRequestParameters()" methodname="TestToRequestParameters" classname="Ingenico.Connect.Sdk.Merchant.Tokens.DeleteTokenParamsTest" runstate="Runnable" seed="918389744" result="Passed" start-time="2016-09-07 09:48:16Z" end-time="2016-09-07 09:48:16Z" duration="0.001061" asserts="3" />
                </test-suite>
              </test-suite>
            </test-suite>
          </test-suite>
          <test-suite type="TestFixture" id="0-1185" name="MetaDataProviderBuilderTest" fullname="Ingenico.Connect.Sdk.MetaDataProviderBuilderTest" classname="Ingenico.Connect.Sdk.MetaDataProviderBuilderTest" runstate="Runnable" testcasecount="1" result="Passed" start-time="2016-09-07 09:48:16Z" end-time="2016-09-07 09:48:16Z" duration="0.007546" total="1" passed="1" failed="0" inconclusive="0" skipped="0" asserts="17">
            <test-suite type="ParameterizedMethod" id="0-1187" name="TestWithAdditionalRequestHeader" fullname="Ingenico.Connect.Sdk.MetaDataProviderBuilderTest.TestWithAdditionalRequestHeader" classname="Ingenico.Connect.Sdk.MetaDataProviderBuilderTest" runstate="Runnable" testcasecount="1" result="Passed" start-time="2016-09-07 09:48:16Z" end-time="2016-09-07 09:48:16Z" duration="0.005299" total="1" passed="1" failed="0" inconclusive="0" skipped="0" asserts="17">
              <test-case id="0-1186" name="TestWithAdditionalRequestHeader()" fullname="Ingenico.Connect.Sdk.MetaDataProviderBuilderTest.TestWithAdditionalRequestHeader()" methodname="TestWithAdditionalRequestHeader" classname="Ingenico.Connect.Sdk.MetaDataProviderBuilderTest" runstate="Runnable" seed="548891122" result="Passed" start-time="2016-09-07 09:48:16Z" end-time="2016-09-07 09:48:16Z" duration="0.003147" asserts="17" />
            </test-suite>
          </test-suite>
          <test-suite type="TestFixture" id="0-1188" name="MetaDataProviderTest" fullname="Ingenico.Connect.Sdk.MetaDataProviderTest" classname="Ingenico.Connect.Sdk.MetaDataProviderTest" runstate="Runnable" testcasecount="3" result="Passed" start-time="2016-09-07 09:48:16Z" end-time="2016-09-07 09:48:16Z" duration="0.016116" total="3" passed="3" failed="0" inconclusive="0" skipped="0" asserts="23">
            <test-suite type="ParameterizedMethod" id="0-1194" name="TestConstructorWithProhibitedHeaders" fullname="Ingenico.Connect.Sdk.MetaDataProviderTest.TestConstructorWithProhibitedHeaders" classname="Ingenico.Connect.Sdk.MetaDataProviderTest" runstate="Runnable" testcasecount="1" result="Passed" start-time="2016-09-07 09:48:16Z" end-time="2016-09-07 09:48:16Z" duration="0.003238" total="1" passed="1" failed="0" inconclusive="0" skipped="0" asserts="5">
              <test-case id="0-1193" name="TestConstructorWithProhibitedHeaders()" fullname="Ingenico.Connect.Sdk.MetaDataProviderTest.TestConstructorWithProhibitedHeaders()" methodname="TestConstructorWithProhibitedHeaders" classname="Ingenico.Connect.Sdk.MetaDataProviderTest" runstate="Runnable" seed="2008224613" result="Passed" start-time="2016-09-07 09:48:16Z" end-time="2016-09-07 09:48:16Z" duration="0.001076" asserts="5" />
            </test-suite>
            <test-suite type="ParameterizedMethod" id="0-1190" name="TestGetServerMetaDataHeadersNoAdditionalHeaders" fullname="Ingenico.Connect.Sdk.MetaDataProviderTest.TestGetServerMetaDataHeadersNoAdditionalHeaders" classname="Ingenico.Connect.Sdk.MetaDataProviderTest" runstate="Runnable" testcasecount="1" result="Passed" start-time="2016-09-07 09:48:16Z" end-time="2016-09-07 09:48:16Z" duration="0.003674" total="1" passed="1" failed="0" inconclusive="0" skipped="0" asserts="6">
              <test-case id="0-1189" name="TestGetServerMetaDataHeadersNoAdditionalHeaders()" fullname="Ingenico.Connect.Sdk.MetaDataProviderTest.TestGetServerMetaDataHeadersNoAdditionalHeaders()" methodname="TestGetServerMetaDataHeadersNoAdditionalHeaders" classname="Ingenico.Connect.Sdk.MetaDataProviderTest" runstate="Runnable" seed="488493176" result="Passed" start-time="2016-09-07 09:48:16Z" end-time="2016-09-07 09:48:16Z" duration="0.001415" asserts="6" />
            </test-suite>
            <test-suite type="ParameterizedMethod" id="0-1192" name="TestGetServerMetaDataHeadersWithAdditionalHeaders" fullname="Ingenico.Connect.Sdk.MetaDataProviderTest.TestGetServerMetaDataHeadersWithAdditionalHeaders" classname="Ingenico.Connect.Sdk.MetaDataProviderTest" runstate="Runnable" testcasecount="1" result="Passed" start-time="2016-09-07 09:48:16Z" end-time="2016-09-07 09:48:16Z" duration="0.002827" total="1" passed="1" failed="0" inconclusive="0" skipped="0" asserts="12">
              <test-case id="0-1191" name="TestGetServerMetaDataHeadersWithAdditionalHeaders()" fullname="Ingenico.Connect.Sdk.MetaDataProviderTest.TestGetServerMetaDataHeadersWithAdditionalHeaders()" methodname="TestGetServerMetaDataHeadersWithAdditionalHeaders" classname="Ingenico.Connect.Sdk.MetaDataProviderTest" runstate="Runnable" seed="249806269" result="Passed" start-time="2016-09-07 09:48:16Z" end-time="2016-09-07 09:48:16Z" duration="0.000655" asserts="12" />
            </test-suite>
          </test-suite>
        </test-suite>
      </test-suite>
    </test-suite>
  </test-suite>
</test-run>